{"C:\\Users\\mansh\\Desktop\\mern my code\\mernCourseLectureCode\\dist\\src\\app.js": {"path":"C:\\Users\\mansh\\Desktop\\mern my code\\mernCourseLectureCode\\dist\\src\\app.js","statementMap":{"0":{"start":{"line":2,"column":22},"end":{"line":4,"column":1}},"1":{"start":{"line":3,"column":4},"end":{"line":3,"column":62}},"2":{"start":{"line":5,"column":17},"end":{"line":5,"column":53}},"3":{"start":{"line":6,"column":24},"end":{"line":6,"column":67}},"4":{"start":{"line":7,"column":0},"end":{"line":7,"column":47}},"5":{"start":{"line":8,"column":13},"end":{"line":8,"column":29}},"6":{"start":{"line":9,"column":0},"end":{"line":11,"column":3}},"7":{"start":{"line":10,"column":4},"end":{"line":10,"column":50}},"8":{"start":{"line":12,"column":0},"end":{"line":12,"column":34}}},"fnMap":{"0":{"name":"(anonymous_0)","decl":{"start":{"line":2,"column":56},"end":{"line":2,"column":57}},"loc":{"start":{"line":2,"column":71},"end":{"line":4,"column":1}},"line":2},"1":{"name":"(anonymous_1)","decl":{"start":{"line":9,"column":30},"end":{"line":9,"column":31}},"loc":{"start":{"line":9,"column":36},"end":{"line":11,"column":1}},"line":9}},"branchMap":{"0":{"loc":{"start":{"line":2,"column":22},"end":{"line":4,"column":1}},"type":"binary-expr","locations":[{"start":{"line":2,"column":23},"end":{"line":2,"column":27}},{"start":{"line":2,"column":31},"end":{"line":2,"column":51}},{"start":{"line":2,"column":56},"end":{"line":4,"column":1}}],"line":2},"1":{"loc":{"start":{"line":3,"column":11},"end":{"line":3,"column":61}},"type":"cond-expr","locations":[{"start":{"line":3,"column":37},"end":{"line":3,"column":40}},{"start":{"line":3,"column":43},"end":{"line":3,"column":61}}],"line":3},"2":{"loc":{"start":{"line":3,"column":12},"end":{"line":3,"column":33}},"type":"binary-expr","locations":[{"start":{"line":3,"column":12},"end":{"line":3,"column":15}},{"start":{"line":3,"column":19},"end":{"line":3,"column":33}}],"line":3}},"s":{"0":1,"1":2,"2":1,"3":1,"4":1,"5":1,"6":1,"7":1,"8":1},"f":{"0":2,"1":1},"b":{"0":[1,1,1],"1":[0,2],"2":[2,2]},"inputSourceMap":null,"_coverageSchema":"1a1c01bbd47fc00a2c39e90264f33305004495a9","hash":"3a8223cd4d2ef6e1207858f157b6ca951411cccd"}
,"C:\\Users\\mansh\\Desktop\\mern my code\\mernCourseLectureCode\\dist\\src\\server.js": {"path":"C:\\Users\\mansh\\Desktop\\mern my code\\mernCourseLectureCode\\dist\\src\\server.js","statementMap":{"0":{"start":{"line":2,"column":22},"end":{"line":4,"column":1}},"1":{"start":{"line":3,"column":4},"end":{"line":3,"column":62}},"2":{"start":{"line":5,"column":17},"end":{"line":5,"column":51}},"3":{"start":{"line":6,"column":0},"end":{"line":11,"column":1}},"4":{"start":{"line":7,"column":4},"end":{"line":7,"column":52}},"5":{"start":{"line":10,"column":4},"end":{"line":10,"column":30}},"6":{"start":{"line":12,"column":18},"end":{"line":12,"column":53}},"7":{"start":{"line":13,"column":12},"end":{"line":13,"column":36}},"8":{"start":{"line":14,"column":15},"end":{"line":14,"column":47}},"9":{"start":{"line":15,"column":15},"end":{"line":15,"column":47}},"10":{"start":{"line":16,"column":22},"end":{"line":16,"column":61}},"11":{"start":{"line":17,"column":0},"end":{"line":17,"column":76}},"12":{"start":{"line":18,"column":0},"end":{"line":18,"column":38}},"13":{"start":{"line":19,"column":19},"end":{"line":19,"column":55}},"14":{"start":{"line":20,"column":0},"end":{"line":20,"column":53}},"15":{"start":{"line":21,"column":11},"end":{"line":21,"column":40}},"16":{"start":{"line":22,"column":0},"end":{"line":22,"column":51}},"17":{"start":{"line":22,"column":26},"end":{"line":22,"column":47}},"18":{"start":{"line":23,"column":0},"end":{"line":23,"column":65}},"19":{"start":{"line":23,"column":24},"end":{"line":23,"column":61}},"20":{"start":{"line":24,"column":0},"end":{"line":24,"column":55}},"21":{"start":{"line":25,"column":21},"end":{"line":25,"column":68}},"22":{"start":{"line":26,"column":0},"end":{"line":26,"column":39}},"23":{"start":{"line":27,"column":21},"end":{"line":27,"column":68}},"24":{"start":{"line":28,"column":0},"end":{"line":28,"column":39}},"25":{"start":{"line":29,"column":29},"end":{"line":29,"column":75}},"26":{"start":{"line":30,"column":24},"end":{"line":30,"column":65}},"27":{"start":{"line":31,"column":0},"end":{"line":46,"column":1}},"28":{"start":{"line":32,"column":20},"end":{"line":43,"column":5}},"29":{"start":{"line":44,"column":18},"end":{"line":44,"column":55}},"30":{"start":{"line":45,"column":4},"end":{"line":45,"column":104}},"31":{"start":{"line":47,"column":0},"end":{"line":47,"column":24}}},"fnMap":{"0":{"name":"(anonymous_0)","decl":{"start":{"line":2,"column":56},"end":{"line":2,"column":57}},"loc":{"start":{"line":2,"column":71},"end":{"line":4,"column":1}},"line":2},"1":{"name":"(anonymous_1)","decl":{"start":{"line":22,"column":15},"end":{"line":22,"column":16}},"loc":{"start":{"line":22,"column":24},"end":{"line":22,"column":49}},"line":22},"2":{"name":"(anonymous_2)","decl":{"start":{"line":23,"column":16},"end":{"line":23,"column":17}},"loc":{"start":{"line":23,"column":22},"end":{"line":23,"column":63}},"line":23}},"branchMap":{"0":{"loc":{"start":{"line":2,"column":22},"end":{"line":4,"column":1}},"type":"binary-expr","locations":[{"start":{"line":2,"column":23},"end":{"line":2,"column":27}},{"start":{"line":2,"column":31},"end":{"line":2,"column":51}},{"start":{"line":2,"column":56},"end":{"line":4,"column":1}}],"line":2},"1":{"loc":{"start":{"line":3,"column":11},"end":{"line":3,"column":61}},"type":"cond-expr","locations":[{"start":{"line":3,"column":37},"end":{"line":3,"column":40}},{"start":{"line":3,"column":43},"end":{"line":3,"column":61}}],"line":3},"2":{"loc":{"start":{"line":3,"column":12},"end":{"line":3,"column":33}},"type":"binary-expr","locations":[{"start":{"line":3,"column":12},"end":{"line":3,"column":15}},{"start":{"line":3,"column":19},"end":{"line":3,"column":33}}],"line":3},"3":{"loc":{"start":{"line":6,"column":0},"end":{"line":11,"column":1}},"type":"if","locations":[{"start":{"line":6,"column":0},"end":{"line":11,"column":1}},{"start":{"line":9,"column":5},"end":{"line":11,"column":1}}],"line":6},"4":{"loc":{"start":{"line":31,"column":0},"end":{"line":46,"column":1}},"type":"if","locations":[{"start":{"line":31,"column":0},"end":{"line":46,"column":1}},{"start":{},"end":{}}],"line":31}},"s":{"0":3,"1":27,"2":3,"3":3,"4":3,"5":0,"6":3,"7":3,"8":3,"9":3,"10":3,"11":3,"12":3,"13":3,"14":3,"15":3,"16":3,"17":0,"18":3,"19":3,"20":3,"21":3,"22":3,"23":3,"24":3,"25":3,"26":3,"27":3,"28":0,"29":0,"30":0,"31":3},"f":{"0":27,"1":0,"2":3},"b":{"0":[3,3,3],"1":[0,27],"2":[27,27],"3":[3,0],"4":[0,3]},"inputSourceMap":null,"_coverageSchema":"1a1c01bbd47fc00a2c39e90264f33305004495a9","hash":"ccd7223b36c4a4adbedaea6fa43ccfbcc72c14d1"}
,"C:\\Users\\mansh\\Desktop\\mern my code\\mernCourseLectureCode\\dist\\src\\socket_server.js": {"path":"C:\\Users\\mansh\\Desktop\\mern my code\\mernCourseLectureCode\\dist\\src\\socket_server.js","statementMap":{"0":{"start":{"line":2,"column":16},"end":{"line":10,"column":1}},"1":{"start":{"line":3,"column":28},"end":{"line":3,"column":110}},"2":{"start":{"line":3,"column":91},"end":{"line":3,"column":106}},"3":{"start":{"line":4,"column":4},"end":{"line":9,"column":7}},"4":{"start":{"line":5,"column":36},"end":{"line":5,"column":97}},"5":{"start":{"line":5,"column":42},"end":{"line":5,"column":70}},"6":{"start":{"line":5,"column":85},"end":{"line":5,"column":95}},"7":{"start":{"line":6,"column":35},"end":{"line":6,"column":100}},"8":{"start":{"line":6,"column":41},"end":{"line":6,"column":73}},"9":{"start":{"line":6,"column":88},"end":{"line":6,"column":98}},"10":{"start":{"line":7,"column":32},"end":{"line":7,"column":116}},"11":{"start":{"line":8,"column":8},"end":{"line":8,"column":78}},"12":{"start":{"line":11,"column":22},"end":{"line":13,"column":1}},"13":{"start":{"line":12,"column":4},"end":{"line":12,"column":62}},"14":{"start":{"line":14,"column":20},"end":{"line":14,"column":40}},"15":{"start":{"line":15,"column":23},"end":{"line":15,"column":63}},"16":{"start":{"line":16,"column":22},"end":{"line":16,"column":70}},"17":{"start":{"line":17,"column":22},"end":{"line":17,"column":70}},"18":{"start":{"line":18,"column":22},"end":{"line":18,"column":70}},"19":{"start":{"line":19,"column":0},"end":{"line":45,"column":2}},"20":{"start":{"line":20,"column":15},"end":{"line":20,"column":45}},"21":{"start":{"line":21,"column":4},"end":{"line":35,"column":8}},"22":{"start":{"line":21,"column":29},"end":{"line":35,"column":6}},"23":{"start":{"line":22,"column":20},"end":{"line":22,"column":47}},"24":{"start":{"line":23,"column":8},"end":{"line":24,"column":59}},"25":{"start":{"line":24,"column":12},"end":{"line":24,"column":59}},"26":{"start":{"line":25,"column":8},"end":{"line":25,"column":36}},"27":{"start":{"line":26,"column":8},"end":{"line":34,"column":11}},"28":{"start":{"line":27,"column":12},"end":{"line":33,"column":13}},"29":{"start":{"line":28,"column":16},"end":{"line":28,"column":63}},"30":{"start":{"line":31,"column":16},"end":{"line":31,"column":43}},"31":{"start":{"line":32,"column":16},"end":{"line":32,"column":30}},"32":{"start":{"line":36,"column":4},"end":{"line":43,"column":8}},"33":{"start":{"line":36,"column":36},"end":{"line":43,"column":6}},"34":{"start":{"line":37,"column":8},"end":{"line":37,"column":53}},"35":{"start":{"line":38,"column":8},"end":{"line":38,"column":47}},"36":{"start":{"line":39,"column":8},"end":{"line":39,"column":47}},"37":{"start":{"line":40,"column":8},"end":{"line":40,"column":47}},"38":{"start":{"line":41,"column":23},"end":{"line":41,"column":39}},"39":{"start":{"line":42,"column":8},"end":{"line":42,"column":34}},"40":{"start":{"line":44,"column":4},"end":{"line":44,"column":14}}},"fnMap":{"0":{"name":"(anonymous_0)","decl":{"start":{"line":2,"column":44},"end":{"line":2,"column":45}},"loc":{"start":{"line":2,"column":89},"end":{"line":10,"column":1}},"line":2},"1":{"name":"adopt","decl":{"start":{"line":3,"column":13},"end":{"line":3,"column":18}},"loc":{"start":{"line":3,"column":26},"end":{"line":3,"column":112}},"line":3},"2":{"name":"(anonymous_2)","decl":{"start":{"line":3,"column":70},"end":{"line":3,"column":71}},"loc":{"start":{"line":3,"column":89},"end":{"line":3,"column":108}},"line":3},"3":{"name":"(anonymous_3)","decl":{"start":{"line":4,"column":36},"end":{"line":4,"column":37}},"loc":{"start":{"line":4,"column":63},"end":{"line":9,"column":5}},"line":4},"4":{"name":"fulfilled","decl":{"start":{"line":5,"column":17},"end":{"line":5,"column":26}},"loc":{"start":{"line":5,"column":34},"end":{"line":5,"column":99}},"line":5},"5":{"name":"rejected","decl":{"start":{"line":6,"column":17},"end":{"line":6,"column":25}},"loc":{"start":{"line":6,"column":33},"end":{"line":6,"column":102}},"line":6},"6":{"name":"step","decl":{"start":{"line":7,"column":17},"end":{"line":7,"column":21}},"loc":{"start":{"line":7,"column":30},"end":{"line":7,"column":118}},"line":7},"7":{"name":"(anonymous_7)","decl":{"start":{"line":11,"column":56},"end":{"line":11,"column":57}},"loc":{"start":{"line":11,"column":71},"end":{"line":13,"column":1}},"line":11},"8":{"name":"(anonymous_8)","decl":{"start":{"line":19,"column":17},"end":{"line":19,"column":18}},"loc":{"start":{"line":19,"column":29},"end":{"line":45,"column":1}},"line":19},"9":{"name":"(anonymous_9)","decl":{"start":{"line":21,"column":11},"end":{"line":21,"column":12}},"loc":{"start":{"line":21,"column":29},"end":{"line":35,"column":6}},"line":21},"10":{"name":"(anonymous_10)","decl":{"start":{"line":21,"column":63},"end":{"line":21,"column":64}},"loc":{"start":{"line":21,"column":76},"end":{"line":35,"column":5}},"line":21},"11":{"name":"(anonymous_11)","decl":{"start":{"line":26,"column":78},"end":{"line":26,"column":79}},"loc":{"start":{"line":26,"column":93},"end":{"line":34,"column":9}},"line":26},"12":{"name":"(anonymous_12)","decl":{"start":{"line":36,"column":24},"end":{"line":36,"column":25}},"loc":{"start":{"line":36,"column":36},"end":{"line":43,"column":6}},"line":36},"13":{"name":"(anonymous_13)","decl":{"start":{"line":36,"column":70},"end":{"line":36,"column":71}},"loc":{"start":{"line":36,"column":83},"end":{"line":43,"column":5}},"line":36}},"branchMap":{"0":{"loc":{"start":{"line":2,"column":16},"end":{"line":10,"column":1}},"type":"binary-expr","locations":[{"start":{"line":2,"column":17},"end":{"line":2,"column":21}},{"start":{"line":2,"column":25},"end":{"line":2,"column":39}},{"start":{"line":2,"column":44},"end":{"line":10,"column":1}}],"line":2},"1":{"loc":{"start":{"line":3,"column":35},"end":{"line":3,"column":109}},"type":"cond-expr","locations":[{"start":{"line":3,"column":56},"end":{"line":3,"column":61}},{"start":{"line":3,"column":64},"end":{"line":3,"column":109}}],"line":3},"2":{"loc":{"start":{"line":4,"column":16},"end":{"line":4,"column":34}},"type":"binary-expr","locations":[{"start":{"line":4,"column":16},"end":{"line":4,"column":17}},{"start":{"line":4,"column":22},"end":{"line":4,"column":33}}],"line":4},"3":{"loc":{"start":{"line":7,"column":32},"end":{"line":7,"column":115}},"type":"cond-expr","locations":[{"start":{"line":7,"column":46},"end":{"line":7,"column":67}},{"start":{"line":7,"column":70},"end":{"line":7,"column":115}}],"line":7},"4":{"loc":{"start":{"line":8,"column":51},"end":{"line":8,"column":67}},"type":"binary-expr","locations":[{"start":{"line":8,"column":51},"end":{"line":8,"column":61}},{"start":{"line":8,"column":65},"end":{"line":8,"column":67}}],"line":8},"5":{"loc":{"start":{"line":11,"column":22},"end":{"line":13,"column":1}},"type":"binary-expr","locations":[{"start":{"line":11,"column":23},"end":{"line":11,"column":27}},{"start":{"line":11,"column":31},"end":{"line":11,"column":51}},{"start":{"line":11,"column":56},"end":{"line":13,"column":1}}],"line":11},"6":{"loc":{"start":{"line":12,"column":11},"end":{"line":12,"column":61}},"type":"cond-expr","locations":[{"start":{"line":12,"column":37},"end":{"line":12,"column":40}},{"start":{"line":12,"column":43},"end":{"line":12,"column":61}}],"line":12},"7":{"loc":{"start":{"line":12,"column":12},"end":{"line":12,"column":33}},"type":"binary-expr","locations":[{"start":{"line":12,"column":12},"end":{"line":12,"column":15}},{"start":{"line":12,"column":19},"end":{"line":12,"column":33}}],"line":12},"8":{"loc":{"start":{"line":23,"column":8},"end":{"line":24,"column":59}},"type":"if","locations":[{"start":{"line":23,"column":8},"end":{"line":24,"column":59}},{"start":{},"end":{}}],"line":23},"9":{"loc":{"start":{"line":27,"column":12},"end":{"line":33,"column":13}},"type":"if","locations":[{"start":{"line":27,"column":12},"end":{"line":33,"column":13}},{"start":{"line":30,"column":17},"end":{"line":33,"column":13}}],"line":27}},"s":{"0":1,"1":2,"2":2,"3":4,"4":2,"5":2,"6":0,"7":0,"8":0,"9":0,"10":6,"11":4,"12":1,"13":4,"14":1,"15":1,"16":1,"17":1,"18":1,"19":1,"20":1,"21":1,"22":2,"23":2,"24":2,"25":0,"26":2,"27":2,"28":2,"29":0,"30":2,"31":2,"32":1,"33":2,"34":2,"35":2,"36":2,"37":2,"38":2,"39":2,"40":1},"f":{"0":4,"1":2,"2":2,"3":4,"4":2,"5":0,"6":6,"7":4,"8":1,"9":2,"10":2,"11":2,"12":2,"13":2},"b":{"0":[1,1,1],"1":[0,2],"2":[4,4],"3":[4,2],"4":[4,4],"5":[1,1,1],"6":[0,4],"7":[4,4],"8":[0,2],"9":[0,2]},"inputSourceMap":null,"_coverageSchema":"1a1c01bbd47fc00a2c39e90264f33305004495a9","hash":"6ce6c94e2f27cfadccac3fac01e00dab5d8a551e"}
,"C:\\Users\\mansh\\Desktop\\mern my code\\mernCourseLectureCode\\dist\\src\\common\\Err.js": {"path":"C:\\Users\\mansh\\Desktop\\mern my code\\mernCourseLectureCode\\dist\\src\\common\\Err.js","statementMap":{"0":{"start":{"line":4,"column":8},"end":{"line":4,"column":22}},"1":{"start":{"line":5,"column":8},"end":{"line":5,"column":28}},"2":{"start":{"line":6,"column":8},"end":{"line":6,"column":25}},"3":{"start":{"line":7,"column":8},"end":{"line":7,"column":31}},"4":{"start":{"line":10,"column":0},"end":{"line":10,"column":21}}},"fnMap":{"0":{"name":"(anonymous_0)","decl":{"start":{"line":3,"column":4},"end":{"line":3,"column":5}},"loc":{"start":{"line":3,"column":31},"end":{"line":8,"column":5}},"line":3}},"branchMap":{},"s":{"0":8,"1":8,"2":8,"3":8,"4":3},"f":{"0":8},"b":{},"inputSourceMap":null,"_coverageSchema":"1a1c01bbd47fc00a2c39e90264f33305004495a9","hash":"8d4ac14f0d88588d8ecff66bd8b0bc6dc426b089"}
,"C:\\Users\\mansh\\Desktop\\mern my code\\mernCourseLectureCode\\dist\\src\\common\\Req.js": {"path":"C:\\Users\\mansh\\Desktop\\mern my code\\mernCourseLectureCode\\dist\\src\\common\\Req.js","statementMap":{"0":{"start":{"line":4,"column":8},"end":{"line":4,"column":23}},"1":{"start":{"line":5,"column":8},"end":{"line":5,"column":27}},"2":{"start":{"line":6,"column":8},"end":{"line":6,"column":25}},"3":{"start":{"line":7,"column":8},"end":{"line":7,"column":24}},"4":{"start":{"line":8,"column":8},"end":{"line":8,"column":25}},"5":{"start":{"line":9,"column":8},"end":{"line":9,"column":29}},"6":{"start":{"line":10,"column":8},"end":{"line":10,"column":29}},"7":{"start":{"line":11,"column":8},"end":{"line":11,"column":27}},"8":{"start":{"line":15,"column":8},"end":{"line":15,"column":68}},"9":{"start":{"line":18,"column":0},"end":{"line":18,"column":21}}},"fnMap":{"0":{"name":"(anonymous_0)","decl":{"start":{"line":3,"column":4},"end":{"line":3,"column":5}},"loc":{"start":{"line":3,"column":59},"end":{"line":12,"column":5}},"line":3},"1":{"name":"(anonymous_1)","decl":{"start":{"line":14,"column":4},"end":{"line":14,"column":5}},"loc":{"start":{"line":14,"column":32},"end":{"line":16,"column":5}},"line":14}},"branchMap":{"0":{"loc":{"start":{"line":3,"column":30},"end":{"line":3,"column":43}},"type":"default-arg","locations":[{"start":{"line":3,"column":39},"end":{"line":3,"column":43}}],"line":3},"1":{"loc":{"start":{"line":3,"column":45},"end":{"line":3,"column":57}},"type":"default-arg","locations":[{"start":{"line":3,"column":53},"end":{"line":3,"column":57}}],"line":3}},"s":{"0":20,"1":20,"2":20,"3":20,"4":20,"5":20,"6":20,"7":20,"8":12,"9":3},"f":{"0":20,"1":12},"b":{"0":[2],"1":[6]},"inputSourceMap":null,"_coverageSchema":"1a1c01bbd47fc00a2c39e90264f33305004495a9","hash":"8fe04ef0c1f9234e2f12f77dc23397342244e899"}
,"C:\\Users\\mansh\\Desktop\\mern my code\\mernCourseLectureCode\\dist\\src\\common\\Res.js": {"path":"C:\\Users\\mansh\\Desktop\\mern my code\\mernCourseLectureCode\\dist\\src\\common\\Res.js","statementMap":{"0":{"start":{"line":4,"column":8},"end":{"line":4,"column":23}},"1":{"start":{"line":5,"column":8},"end":{"line":5,"column":27}},"2":{"start":{"line":6,"column":8},"end":{"line":6,"column":24}},"3":{"start":{"line":7,"column":8},"end":{"line":7,"column":25}},"4":{"start":{"line":8,"column":8},"end":{"line":8,"column":29}},"5":{"start":{"line":9,"column":8},"end":{"line":9,"column":23}},"6":{"start":{"line":12,"column":8},"end":{"line":23,"column":9}},"7":{"start":{"line":13,"column":12},"end":{"line":16,"column":15}},"8":{"start":{"line":19,"column":12},"end":{"line":22,"column":15}},"9":{"start":{"line":26,"column":0},"end":{"line":26,"column":21}}},"fnMap":{"0":{"name":"(anonymous_0)","decl":{"start":{"line":3,"column":4},"end":{"line":3,"column":5}},"loc":{"start":{"line":3,"column":35},"end":{"line":10,"column":5}},"line":3},"1":{"name":"(anonymous_1)","decl":{"start":{"line":11,"column":4},"end":{"line":11,"column":5}},"loc":{"start":{"line":11,"column":26},"end":{"line":24,"column":5}},"line":11}},"branchMap":{"0":{"loc":{"start":{"line":12,"column":8},"end":{"line":23,"column":9}},"type":"if","locations":[{"start":{"line":12,"column":8},"end":{"line":23,"column":9}},{"start":{"line":18,"column":13},"end":{"line":23,"column":9}}],"line":12}},"s":{"0":20,"1":20,"2":20,"3":20,"4":20,"5":20,"6":10,"7":10,"8":0,"9":3},"f":{"0":20,"1":10},"b":{"0":[10,0]},"inputSourceMap":null,"_coverageSchema":"1a1c01bbd47fc00a2c39e90264f33305004495a9","hash":"e36839b83562263f82014f7fe15018fb8ceeb647"}
,"C:\\Users\\mansh\\Desktop\\mern my code\\mernCourseLectureCode\\dist\\src\\controllers\\auth.js": {"path":"C:\\Users\\mansh\\Desktop\\mern my code\\mernCourseLectureCode\\dist\\src\\controllers\\auth.js","statementMap":{"0":{"start":{"line":2,"column":16},"end":{"line":10,"column":1}},"1":{"start":{"line":3,"column":28},"end":{"line":3,"column":110}},"2":{"start":{"line":3,"column":91},"end":{"line":3,"column":106}},"3":{"start":{"line":4,"column":4},"end":{"line":9,"column":7}},"4":{"start":{"line":5,"column":36},"end":{"line":5,"column":97}},"5":{"start":{"line":5,"column":42},"end":{"line":5,"column":70}},"6":{"start":{"line":5,"column":85},"end":{"line":5,"column":95}},"7":{"start":{"line":6,"column":35},"end":{"line":6,"column":100}},"8":{"start":{"line":6,"column":41},"end":{"line":6,"column":73}},"9":{"start":{"line":6,"column":88},"end":{"line":6,"column":98}},"10":{"start":{"line":7,"column":32},"end":{"line":7,"column":116}},"11":{"start":{"line":8,"column":8},"end":{"line":8,"column":78}},"12":{"start":{"line":11,"column":22},"end":{"line":13,"column":1}},"13":{"start":{"line":12,"column":4},"end":{"line":12,"column":62}},"14":{"start":{"line":14,"column":21},"end":{"line":14,"column":69}},"15":{"start":{"line":15,"column":17},"end":{"line":15,"column":51}},"16":{"start":{"line":16,"column":23},"end":{"line":16,"column":63}},"17":{"start":{"line":18,"column":4},"end":{"line":20,"column":7}},"18":{"start":{"line":22,"column":17},"end":{"line":48,"column":2}},"19":{"start":{"line":22,"column":31},"end":{"line":48,"column":2}},"20":{"start":{"line":23,"column":18},"end":{"line":23,"column":32}},"21":{"start":{"line":24,"column":21},"end":{"line":24,"column":38}},"22":{"start":{"line":25,"column":4},"end":{"line":27,"column":5}},"23":{"start":{"line":26,"column":8},"end":{"line":26,"column":73}},"24":{"start":{"line":28,"column":4},"end":{"line":47,"column":5}},"25":{"start":{"line":29,"column":21},"end":{"line":29,"column":75}},"26":{"start":{"line":30,"column":8},"end":{"line":32,"column":9}},"27":{"start":{"line":31,"column":12},"end":{"line":31,"column":83}},"28":{"start":{"line":33,"column":21},"end":{"line":33,"column":55}},"29":{"start":{"line":34,"column":29},"end":{"line":34,"column":72}},"30":{"start":{"line":35,"column":24},"end":{"line":38,"column":10}},"31":{"start":{"line":39,"column":8},"end":{"line":39,"column":29}},"32":{"start":{"line":40,"column":8},"end":{"line":43,"column":11}},"33":{"start":{"line":46,"column":8},"end":{"line":46,"column":42}},"34":{"start":{"line":50,"column":4},"end":{"line":54,"column":7}},"35":{"start":{"line":51,"column":28},"end":{"line":51,"column":163}},"36":{"start":{"line":52,"column":29},"end":{"line":52,"column":114}},"37":{"start":{"line":53,"column":8},"end":{"line":53,"column":76}},"38":{"start":{"line":56,"column":14},"end":{"line":81,"column":2}},"39":{"start":{"line":56,"column":28},"end":{"line":81,"column":2}},"40":{"start":{"line":57,"column":18},"end":{"line":57,"column":32}},"41":{"start":{"line":58,"column":21},"end":{"line":58,"column":38}},"42":{"start":{"line":59,"column":4},"end":{"line":61,"column":5}},"43":{"start":{"line":60,"column":8},"end":{"line":60,"column":73}},"44":{"start":{"line":62,"column":4},"end":{"line":80,"column":5}},"45":{"start":{"line":63,"column":21},"end":{"line":63,"column":75}},"46":{"start":{"line":64,"column":8},"end":{"line":65,"column":64}},"47":{"start":{"line":65,"column":12},"end":{"line":65,"column":64}},"48":{"start":{"line":66,"column":22},"end":{"line":66,"column":77}},"49":{"start":{"line":67,"column":8},"end":{"line":68,"column":64}},"50":{"start":{"line":68,"column":12},"end":{"line":68,"column":64}},"51":{"start":{"line":69,"column":23},"end":{"line":69,"column":64}},"52":{"start":{"line":70,"column":8},"end":{"line":73,"column":58}},"53":{"start":{"line":71,"column":12},"end":{"line":71,"column":56}},"54":{"start":{"line":73,"column":12},"end":{"line":73,"column":58}},"55":{"start":{"line":74,"column":8},"end":{"line":74,"column":26}},"56":{"start":{"line":75,"column":8},"end":{"line":75,"column":44}},"57":{"start":{"line":78,"column":8},"end":{"line":78,"column":37}},"58":{"start":{"line":79,"column":8},"end":{"line":79,"column":52}},"59":{"start":{"line":83,"column":23},"end":{"line":83,"column":51}},"60":{"start":{"line":84,"column":4},"end":{"line":85,"column":20}},"61":{"start":{"line":85,"column":8},"end":{"line":85,"column":20}},"62":{"start":{"line":86,"column":4},"end":{"line":86,"column":36}},"63":{"start":{"line":88,"column":16},"end":{"line":112,"column":2}},"64":{"start":{"line":88,"column":30},"end":{"line":112,"column":2}},"65":{"start":{"line":89,"column":25},"end":{"line":89,"column":49}},"66":{"start":{"line":90,"column":4},"end":{"line":91,"column":56}},"67":{"start":{"line":91,"column":8},"end":{"line":91,"column":56}},"68":{"start":{"line":92,"column":4},"end":{"line":111,"column":5}},"69":{"start":{"line":93,"column":21},"end":{"line":93,"column":98}},"70":{"start":{"line":94,"column":24},"end":{"line":94,"column":68}},"71":{"start":{"line":95,"column":8},"end":{"line":96,"column":59}},"72":{"start":{"line":96,"column":12},"end":{"line":96,"column":59}},"73":{"start":{"line":97,"column":8},"end":{"line":101,"column":9}},"74":{"start":{"line":98,"column":12},"end":{"line":98,"column":40}},"75":{"start":{"line":99,"column":12},"end":{"line":99,"column":33}},"76":{"start":{"line":100,"column":12},"end":{"line":100,"column":59}},"77":{"start":{"line":102,"column":23},"end":{"line":102,"column":67}},"78":{"start":{"line":103,"column":8},"end":{"line":103,"column":99}},"79":{"start":{"line":104,"column":8},"end":{"line":104,"column":54}},"80":{"start":{"line":105,"column":8},"end":{"line":105,"column":58}},"81":{"start":{"line":106,"column":8},"end":{"line":106,"column":29}},"82":{"start":{"line":107,"column":8},"end":{"line":107,"column":44}},"83":{"start":{"line":110,"column":8},"end":{"line":110,"column":55}},"84":{"start":{"line":113,"column":15},"end":{"line":134,"column":2}},"85":{"start":{"line":113,"column":29},"end":{"line":134,"column":2}},"86":{"start":{"line":114,"column":25},"end":{"line":114,"column":49}},"87":{"start":{"line":115,"column":4},"end":{"line":116,"column":56}},"88":{"start":{"line":116,"column":8},"end":{"line":116,"column":56}},"89":{"start":{"line":117,"column":4},"end":{"line":133,"column":5}},"90":{"start":{"line":118,"column":21},"end":{"line":118,"column":98}},"91":{"start":{"line":119,"column":24},"end":{"line":119,"column":68}},"92":{"start":{"line":120,"column":8},"end":{"line":121,"column":59}},"93":{"start":{"line":121,"column":12},"end":{"line":121,"column":59}},"94":{"start":{"line":122,"column":8},"end":{"line":126,"column":9}},"95":{"start":{"line":123,"column":12},"end":{"line":123,"column":40}},"96":{"start":{"line":124,"column":12},"end":{"line":124,"column":33}},"97":{"start":{"line":125,"column":12},"end":{"line":125,"column":59}},"98":{"start":{"line":127,"column":8},"end":{"line":127,"column":87}},"99":{"start":{"line":128,"column":8},"end":{"line":128,"column":29}},"100":{"start":{"line":129,"column":8},"end":{"line":129,"column":38}},"101":{"start":{"line":132,"column":8},"end":{"line":132,"column":55}},"102":{"start":{"line":135,"column":31},"end":{"line":149,"column":2}},"103":{"start":{"line":135,"column":51},"end":{"line":149,"column":2}},"104":{"start":{"line":136,"column":18},"end":{"line":136,"column":42}},"105":{"start":{"line":137,"column":4},"end":{"line":138,"column":56}},"106":{"start":{"line":138,"column":8},"end":{"line":138,"column":56}},"107":{"start":{"line":139,"column":4},"end":{"line":148,"column":5}},"108":{"start":{"line":140,"column":21},"end":{"line":140,"column":90}},"109":{"start":{"line":141,"column":8},"end":{"line":141,"column":26}},"110":{"start":{"line":142,"column":8},"end":{"line":142,"column":34}},"111":{"start":{"line":143,"column":8},"end":{"line":143,"column":43}},"112":{"start":{"line":144,"column":8},"end":{"line":144,"column":22}},"113":{"start":{"line":147,"column":8},"end":{"line":147,"column":55}},"114":{"start":{"line":150,"column":0},"end":{"line":150,"column":78}}},"fnMap":{"0":{"name":"(anonymous_0)","decl":{"start":{"line":2,"column":44},"end":{"line":2,"column":45}},"loc":{"start":{"line":2,"column":89},"end":{"line":10,"column":1}},"line":2},"1":{"name":"adopt","decl":{"start":{"line":3,"column":13},"end":{"line":3,"column":18}},"loc":{"start":{"line":3,"column":26},"end":{"line":3,"column":112}},"line":3},"2":{"name":"(anonymous_2)","decl":{"start":{"line":3,"column":70},"end":{"line":3,"column":71}},"loc":{"start":{"line":3,"column":89},"end":{"line":3,"column":108}},"line":3},"3":{"name":"(anonymous_3)","decl":{"start":{"line":4,"column":36},"end":{"line":4,"column":37}},"loc":{"start":{"line":4,"column":63},"end":{"line":9,"column":5}},"line":4},"4":{"name":"fulfilled","decl":{"start":{"line":5,"column":17},"end":{"line":5,"column":26}},"loc":{"start":{"line":5,"column":34},"end":{"line":5,"column":99}},"line":5},"5":{"name":"rejected","decl":{"start":{"line":6,"column":17},"end":{"line":6,"column":25}},"loc":{"start":{"line":6,"column":33},"end":{"line":6,"column":102}},"line":6},"6":{"name":"step","decl":{"start":{"line":7,"column":17},"end":{"line":7,"column":21}},"loc":{"start":{"line":7,"column":30},"end":{"line":7,"column":118}},"line":7},"7":{"name":"(anonymous_7)","decl":{"start":{"line":11,"column":56},"end":{"line":11,"column":57}},"loc":{"start":{"line":11,"column":71},"end":{"line":13,"column":1}},"line":11},"8":{"name":"sendError","decl":{"start":{"line":17,"column":9},"end":{"line":17,"column":18}},"loc":{"start":{"line":17,"column":31},"end":{"line":21,"column":1}},"line":17},"9":{"name":"(anonymous_9)","decl":{"start":{"line":22,"column":17},"end":{"line":22,"column":18}},"loc":{"start":{"line":22,"column":31},"end":{"line":48,"column":2}},"line":22},"10":{"name":"(anonymous_10)","decl":{"start":{"line":22,"column":65},"end":{"line":22,"column":66}},"loc":{"start":{"line":22,"column":78},"end":{"line":48,"column":1}},"line":22},"11":{"name":"generateTokens","decl":{"start":{"line":49,"column":9},"end":{"line":49,"column":23}},"loc":{"start":{"line":49,"column":32},"end":{"line":55,"column":1}},"line":49},"12":{"name":"(anonymous_12)","decl":{"start":{"line":50,"column":43},"end":{"line":50,"column":44}},"loc":{"start":{"line":50,"column":56},"end":{"line":54,"column":5}},"line":50},"13":{"name":"(anonymous_13)","decl":{"start":{"line":56,"column":14},"end":{"line":56,"column":15}},"loc":{"start":{"line":56,"column":28},"end":{"line":81,"column":2}},"line":56},"14":{"name":"(anonymous_14)","decl":{"start":{"line":56,"column":62},"end":{"line":56,"column":63}},"loc":{"start":{"line":56,"column":75},"end":{"line":81,"column":1}},"line":56},"15":{"name":"getTokenFromRequest","decl":{"start":{"line":82,"column":9},"end":{"line":82,"column":28}},"loc":{"start":{"line":82,"column":34},"end":{"line":87,"column":1}},"line":82},"16":{"name":"(anonymous_16)","decl":{"start":{"line":88,"column":16},"end":{"line":88,"column":17}},"loc":{"start":{"line":88,"column":30},"end":{"line":112,"column":2}},"line":88},"17":{"name":"(anonymous_17)","decl":{"start":{"line":88,"column":64},"end":{"line":88,"column":65}},"loc":{"start":{"line":88,"column":77},"end":{"line":112,"column":1}},"line":88},"18":{"name":"(anonymous_18)","decl":{"start":{"line":113,"column":15},"end":{"line":113,"column":16}},"loc":{"start":{"line":113,"column":29},"end":{"line":134,"column":2}},"line":113},"19":{"name":"(anonymous_19)","decl":{"start":{"line":113,"column":63},"end":{"line":113,"column":64}},"loc":{"start":{"line":113,"column":76},"end":{"line":134,"column":1}},"line":113},"20":{"name":"(anonymous_20)","decl":{"start":{"line":135,"column":31},"end":{"line":135,"column":32}},"loc":{"start":{"line":135,"column":51},"end":{"line":149,"column":2}},"line":135},"21":{"name":"(anonymous_21)","decl":{"start":{"line":135,"column":85},"end":{"line":135,"column":86}},"loc":{"start":{"line":135,"column":98},"end":{"line":149,"column":1}},"line":135}},"branchMap":{"0":{"loc":{"start":{"line":2,"column":16},"end":{"line":10,"column":1}},"type":"binary-expr","locations":[{"start":{"line":2,"column":17},"end":{"line":2,"column":21}},{"start":{"line":2,"column":25},"end":{"line":2,"column":39}},{"start":{"line":2,"column":44},"end":{"line":10,"column":1}}],"line":2},"1":{"loc":{"start":{"line":3,"column":35},"end":{"line":3,"column":109}},"type":"cond-expr","locations":[{"start":{"line":3,"column":56},"end":{"line":3,"column":61}},{"start":{"line":3,"column":64},"end":{"line":3,"column":109}}],"line":3},"2":{"loc":{"start":{"line":4,"column":16},"end":{"line":4,"column":34}},"type":"binary-expr","locations":[{"start":{"line":4,"column":16},"end":{"line":4,"column":17}},{"start":{"line":4,"column":22},"end":{"line":4,"column":33}}],"line":4},"3":{"loc":{"start":{"line":7,"column":32},"end":{"line":7,"column":115}},"type":"cond-expr","locations":[{"start":{"line":7,"column":46},"end":{"line":7,"column":67}},{"start":{"line":7,"column":70},"end":{"line":7,"column":115}}],"line":7},"4":{"loc":{"start":{"line":8,"column":51},"end":{"line":8,"column":67}},"type":"binary-expr","locations":[{"start":{"line":8,"column":51},"end":{"line":8,"column":61}},{"start":{"line":8,"column":65},"end":{"line":8,"column":67}}],"line":8},"5":{"loc":{"start":{"line":11,"column":22},"end":{"line":13,"column":1}},"type":"binary-expr","locations":[{"start":{"line":11,"column":23},"end":{"line":11,"column":27}},{"start":{"line":11,"column":31},"end":{"line":11,"column":51}},{"start":{"line":11,"column":56},"end":{"line":13,"column":1}}],"line":11},"6":{"loc":{"start":{"line":12,"column":11},"end":{"line":12,"column":61}},"type":"cond-expr","locations":[{"start":{"line":12,"column":37},"end":{"line":12,"column":40}},{"start":{"line":12,"column":43},"end":{"line":12,"column":61}}],"line":12},"7":{"loc":{"start":{"line":12,"column":12},"end":{"line":12,"column":33}},"type":"binary-expr","locations":[{"start":{"line":12,"column":12},"end":{"line":12,"column":15}},{"start":{"line":12,"column":19},"end":{"line":12,"column":33}}],"line":12},"8":{"loc":{"start":{"line":25,"column":4},"end":{"line":27,"column":5}},"type":"if","locations":[{"start":{"line":25,"column":4},"end":{"line":27,"column":5}},{"start":{},"end":{}}],"line":25},"9":{"loc":{"start":{"line":25,"column":8},"end":{"line":25,"column":41}},"type":"binary-expr","locations":[{"start":{"line":25,"column":8},"end":{"line":25,"column":21}},{"start":{"line":25,"column":25},"end":{"line":25,"column":41}}],"line":25},"10":{"loc":{"start":{"line":30,"column":8},"end":{"line":32,"column":9}},"type":"if","locations":[{"start":{"line":30,"column":8},"end":{"line":32,"column":9}},{"start":{},"end":{}}],"line":30},"11":{"loc":{"start":{"line":59,"column":4},"end":{"line":61,"column":5}},"type":"if","locations":[{"start":{"line":59,"column":4},"end":{"line":61,"column":5}},{"start":{},"end":{}}],"line":59},"12":{"loc":{"start":{"line":59,"column":8},"end":{"line":59,"column":41}},"type":"binary-expr","locations":[{"start":{"line":59,"column":8},"end":{"line":59,"column":21}},{"start":{"line":59,"column":25},"end":{"line":59,"column":41}}],"line":59},"13":{"loc":{"start":{"line":64,"column":8},"end":{"line":65,"column":64}},"type":"if","locations":[{"start":{"line":64,"column":8},"end":{"line":65,"column":64}},{"start":{},"end":{}}],"line":64},"14":{"loc":{"start":{"line":67,"column":8},"end":{"line":68,"column":64}},"type":"if","locations":[{"start":{"line":67,"column":8},"end":{"line":68,"column":64}},{"start":{},"end":{}}],"line":67},"15":{"loc":{"start":{"line":70,"column":8},"end":{"line":73,"column":58}},"type":"if","locations":[{"start":{"line":70,"column":8},"end":{"line":73,"column":58}},{"start":{"line":73,"column":12},"end":{"line":73,"column":58}}],"line":70},"16":{"loc":{"start":{"line":84,"column":4},"end":{"line":85,"column":20}},"type":"if","locations":[{"start":{"line":84,"column":4},"end":{"line":85,"column":20}},{"start":{},"end":{}}],"line":84},"17":{"loc":{"start":{"line":90,"column":4},"end":{"line":91,"column":56}},"type":"if","locations":[{"start":{"line":90,"column":4},"end":{"line":91,"column":56}},{"start":{},"end":{}}],"line":90},"18":{"loc":{"start":{"line":95,"column":8},"end":{"line":96,"column":59}},"type":"if","locations":[{"start":{"line":95,"column":8},"end":{"line":96,"column":59}},{"start":{},"end":{}}],"line":95},"19":{"loc":{"start":{"line":97,"column":8},"end":{"line":101,"column":9}},"type":"if","locations":[{"start":{"line":97,"column":8},"end":{"line":101,"column":9}},{"start":{},"end":{}}],"line":97},"20":{"loc":{"start":{"line":115,"column":4},"end":{"line":116,"column":56}},"type":"if","locations":[{"start":{"line":115,"column":4},"end":{"line":116,"column":56}},{"start":{},"end":{}}],"line":115},"21":{"loc":{"start":{"line":120,"column":8},"end":{"line":121,"column":59}},"type":"if","locations":[{"start":{"line":120,"column":8},"end":{"line":121,"column":59}},{"start":{},"end":{}}],"line":120},"22":{"loc":{"start":{"line":122,"column":8},"end":{"line":126,"column":9}},"type":"if","locations":[{"start":{"line":122,"column":8},"end":{"line":126,"column":9}},{"start":{},"end":{}}],"line":122},"23":{"loc":{"start":{"line":137,"column":4},"end":{"line":138,"column":56}},"type":"if","locations":[{"start":{"line":137,"column":4},"end":{"line":138,"column":56}},{"start":{},"end":{}}],"line":137}},"s":{"0":3,"1":79,"2":36,"3":40,"4":79,"5":79,"6":0,"7":0,"8":0,"9":0,"10":119,"11":40,"12":3,"13":9,"14":3,"15":3,"16":3,"17":3,"18":3,"19":4,"20":4,"21":4,"22":4,"23":0,"24":4,"25":4,"26":4,"27":0,"28":4,"29":4,"30":4,"31":4,"32":4,"33":0,"34":10,"35":10,"36":10,"37":10,"38":3,"39":10,"40":10,"41":10,"42":10,"43":0,"44":10,"45":10,"46":10,"47":0,"48":10,"49":10,"50":1,"51":9,"52":9,"53":0,"54":9,"55":9,"56":9,"57":0,"58":0,"59":16,"60":16,"61":1,"62":15,"63":3,"64":1,"65":1,"66":1,"67":0,"68":1,"69":1,"70":1,"71":1,"72":0,"73":1,"74":0,"75":0,"76":0,"77":1,"78":1,"79":1,"80":1,"81":1,"82":1,"83":0,"84":3,"85":1,"86":1,"87":1,"88":0,"89":1,"90":1,"91":1,"92":1,"93":0,"94":1,"95":0,"96":0,"97":0,"98":1,"99":1,"100":1,"101":0,"102":3,"103":14,"104":14,"105":14,"106":1,"107":13,"108":13,"109":12,"110":12,"111":12,"112":12,"113":1,"114":3},"f":{"0":40,"1":79,"2":36,"3":40,"4":79,"5":0,"6":119,"7":9,"8":3,"9":4,"10":4,"11":10,"12":10,"13":10,"14":10,"15":16,"16":1,"17":1,"18":1,"19":1,"20":14,"21":14},"b":{"0":[3,3,3],"1":[43,36],"2":[40,40],"3":[40,79],"4":[40,40],"5":[3,3,3],"6":[0,9],"7":[9,9],"8":[0,4],"9":[4,4],"10":[0,4],"11":[0,10],"12":[10,10],"13":[0,10],"14":[1,9],"15":[0,9],"16":[1,15],"17":[0,1],"18":[0,1],"19":[0,1],"20":[0,1],"21":[0,1],"22":[0,1],"23":[1,13]},"inputSourceMap":null,"_coverageSchema":"1a1c01bbd47fc00a2c39e90264f33305004495a9","hash":"8c03a6ceafda25032f1bcaa0b767cd4424854e80"}
,"C:\\Users\\mansh\\Desktop\\mern my code\\mernCourseLectureCode\\dist\\src\\controllers\\post.js": {"path":"C:\\Users\\mansh\\Desktop\\mern my code\\mernCourseLectureCode\\dist\\src\\controllers\\post.js","statementMap":{"0":{"start":{"line":2,"column":16},"end":{"line":10,"column":1}},"1":{"start":{"line":3,"column":28},"end":{"line":3,"column":110}},"2":{"start":{"line":3,"column":91},"end":{"line":3,"column":106}},"3":{"start":{"line":4,"column":4},"end":{"line":9,"column":7}},"4":{"start":{"line":5,"column":36},"end":{"line":5,"column":97}},"5":{"start":{"line":5,"column":42},"end":{"line":5,"column":70}},"6":{"start":{"line":5,"column":85},"end":{"line":5,"column":95}},"7":{"start":{"line":6,"column":35},"end":{"line":6,"column":100}},"8":{"start":{"line":6,"column":41},"end":{"line":6,"column":73}},"9":{"start":{"line":6,"column":88},"end":{"line":6,"column":98}},"10":{"start":{"line":7,"column":32},"end":{"line":7,"column":116}},"11":{"start":{"line":8,"column":8},"end":{"line":8,"column":78}},"12":{"start":{"line":11,"column":22},"end":{"line":13,"column":1}},"13":{"start":{"line":12,"column":4},"end":{"line":12,"column":62}},"14":{"start":{"line":14,"column":21},"end":{"line":14,"column":69}},"15":{"start":{"line":15,"column":14},"end":{"line":15,"column":55}},"16":{"start":{"line":16,"column":14},"end":{"line":16,"column":55}},"17":{"start":{"line":17,"column":20},"end":{"line":31,"column":2}},"18":{"start":{"line":17,"column":29},"end":{"line":31,"column":2}},"19":{"start":{"line":18,"column":4},"end":{"line":30,"column":5}},"20":{"start":{"line":19,"column":20},"end":{"line":19,"column":22}},"21":{"start":{"line":20,"column":8},"end":{"line":25,"column":9}},"22":{"start":{"line":21,"column":12},"end":{"line":21,"column":54}},"23":{"start":{"line":24,"column":12},"end":{"line":24,"column":84}},"24":{"start":{"line":26,"column":8},"end":{"line":26,"column":63}},"25":{"start":{"line":29,"column":8},"end":{"line":29,"column":124}},"26":{"start":{"line":32,"column":20},"end":{"line":44,"column":2}},"27":{"start":{"line":32,"column":29},"end":{"line":44,"column":2}},"28":{"start":{"line":33,"column":16},"end":{"line":33,"column":29}},"29":{"start":{"line":34,"column":4},"end":{"line":36,"column":5}},"30":{"start":{"line":35,"column":8},"end":{"line":35,"column":27}},"31":{"start":{"line":37,"column":4},"end":{"line":43,"column":5}},"32":{"start":{"line":38,"column":22},"end":{"line":38,"column":64}},"33":{"start":{"line":39,"column":8},"end":{"line":39,"column":63}},"34":{"start":{"line":42,"column":8},"end":{"line":42,"column":124}},"35":{"start":{"line":45,"column":19},"end":{"line":70,"column":2}},"36":{"start":{"line":45,"column":28},"end":{"line":70,"column":2}},"37":{"start":{"line":46,"column":4},"end":{"line":46,"column":26}},"38":{"start":{"line":47,"column":17},"end":{"line":50,"column":6}},"39":{"start":{"line":51,"column":4},"end":{"line":62,"column":5}},"40":{"start":{"line":52,"column":8},"end":{"line":52,"column":32}},"41":{"start":{"line":53,"column":8},"end":{"line":53,"column":33}},"42":{"start":{"line":54,"column":8},"end":{"line":61,"column":9}},"43":{"start":{"line":55,"column":28},"end":{"line":55,"column":45}},"44":{"start":{"line":56,"column":12},"end":{"line":56,"column":61}},"45":{"start":{"line":57,"column":12},"end":{"line":57,"column":64}},"46":{"start":{"line":60,"column":12},"end":{"line":60,"column":92}},"47":{"start":{"line":63,"column":4},"end":{"line":69,"column":5}},"48":{"start":{"line":64,"column":24},"end":{"line":64,"column":41}},"49":{"start":{"line":65,"column":8},"end":{"line":65,"column":65}},"50":{"start":{"line":68,"column":8},"end":{"line":68,"column":93}},"51":{"start":{"line":71,"column":20},"end":{"line":85,"column":2}},"52":{"start":{"line":71,"column":29},"end":{"line":85,"column":2}},"53":{"start":{"line":72,"column":4},"end":{"line":84,"column":5}},"54":{"start":{"line":73,"column":30},"end":{"line":73,"column":46}},"55":{"start":{"line":74,"column":21},"end":{"line":74,"column":34}},"56":{"start":{"line":75,"column":8},"end":{"line":77,"column":9}},"57":{"start":{"line":76,"column":12},"end":{"line":76,"column":32}},"58":{"start":{"line":78,"column":21},"end":{"line":78,"column":118}},"59":{"start":{"line":79,"column":8},"end":{"line":79,"column":62}},"60":{"start":{"line":82,"column":8},"end":{"line":82,"column":49}},"61":{"start":{"line":83,"column":8},"end":{"line":83,"column":124}},"62":{"start":{"line":86,"column":0},"end":{"line":86,"column":71}}},"fnMap":{"0":{"name":"(anonymous_0)","decl":{"start":{"line":2,"column":44},"end":{"line":2,"column":45}},"loc":{"start":{"line":2,"column":89},"end":{"line":10,"column":1}},"line":2},"1":{"name":"adopt","decl":{"start":{"line":3,"column":13},"end":{"line":3,"column":18}},"loc":{"start":{"line":3,"column":26},"end":{"line":3,"column":112}},"line":3},"2":{"name":"(anonymous_2)","decl":{"start":{"line":3,"column":70},"end":{"line":3,"column":71}},"loc":{"start":{"line":3,"column":89},"end":{"line":3,"column":108}},"line":3},"3":{"name":"(anonymous_3)","decl":{"start":{"line":4,"column":36},"end":{"line":4,"column":37}},"loc":{"start":{"line":4,"column":63},"end":{"line":9,"column":5}},"line":4},"4":{"name":"fulfilled","decl":{"start":{"line":5,"column":17},"end":{"line":5,"column":26}},"loc":{"start":{"line":5,"column":34},"end":{"line":5,"column":99}},"line":5},"5":{"name":"rejected","decl":{"start":{"line":6,"column":17},"end":{"line":6,"column":25}},"loc":{"start":{"line":6,"column":33},"end":{"line":6,"column":102}},"line":6},"6":{"name":"step","decl":{"start":{"line":7,"column":17},"end":{"line":7,"column":21}},"loc":{"start":{"line":7,"column":30},"end":{"line":7,"column":118}},"line":7},"7":{"name":"(anonymous_7)","decl":{"start":{"line":11,"column":56},"end":{"line":11,"column":57}},"loc":{"start":{"line":11,"column":71},"end":{"line":13,"column":1}},"line":11},"8":{"name":"(anonymous_8)","decl":{"start":{"line":17,"column":20},"end":{"line":17,"column":21}},"loc":{"start":{"line":17,"column":29},"end":{"line":31,"column":2}},"line":17},"9":{"name":"(anonymous_9)","decl":{"start":{"line":17,"column":63},"end":{"line":17,"column":64}},"loc":{"start":{"line":17,"column":76},"end":{"line":31,"column":1}},"line":17},"10":{"name":"(anonymous_10)","decl":{"start":{"line":32,"column":20},"end":{"line":32,"column":21}},"loc":{"start":{"line":32,"column":29},"end":{"line":44,"column":2}},"line":32},"11":{"name":"(anonymous_11)","decl":{"start":{"line":32,"column":63},"end":{"line":32,"column":64}},"loc":{"start":{"line":32,"column":76},"end":{"line":44,"column":1}},"line":32},"12":{"name":"(anonymous_12)","decl":{"start":{"line":45,"column":19},"end":{"line":45,"column":20}},"loc":{"start":{"line":45,"column":28},"end":{"line":70,"column":2}},"line":45},"13":{"name":"(anonymous_13)","decl":{"start":{"line":45,"column":62},"end":{"line":45,"column":63}},"loc":{"start":{"line":45,"column":75},"end":{"line":70,"column":1}},"line":45},"14":{"name":"(anonymous_14)","decl":{"start":{"line":71,"column":20},"end":{"line":71,"column":21}},"loc":{"start":{"line":71,"column":29},"end":{"line":85,"column":2}},"line":71},"15":{"name":"(anonymous_15)","decl":{"start":{"line":71,"column":63},"end":{"line":71,"column":64}},"loc":{"start":{"line":71,"column":76},"end":{"line":85,"column":1}},"line":71}},"branchMap":{"0":{"loc":{"start":{"line":2,"column":16},"end":{"line":10,"column":1}},"type":"binary-expr","locations":[{"start":{"line":2,"column":17},"end":{"line":2,"column":21}},{"start":{"line":2,"column":25},"end":{"line":2,"column":39}},{"start":{"line":2,"column":44},"end":{"line":10,"column":1}}],"line":2},"1":{"loc":{"start":{"line":3,"column":35},"end":{"line":3,"column":109}},"type":"cond-expr","locations":[{"start":{"line":3,"column":56},"end":{"line":3,"column":61}},{"start":{"line":3,"column":64},"end":{"line":3,"column":109}}],"line":3},"2":{"loc":{"start":{"line":4,"column":16},"end":{"line":4,"column":34}},"type":"binary-expr","locations":[{"start":{"line":4,"column":16},"end":{"line":4,"column":17}},{"start":{"line":4,"column":22},"end":{"line":4,"column":33}}],"line":4},"3":{"loc":{"start":{"line":7,"column":32},"end":{"line":7,"column":115}},"type":"cond-expr","locations":[{"start":{"line":7,"column":46},"end":{"line":7,"column":67}},{"start":{"line":7,"column":70},"end":{"line":7,"column":115}}],"line":7},"4":{"loc":{"start":{"line":8,"column":51},"end":{"line":8,"column":67}},"type":"binary-expr","locations":[{"start":{"line":8,"column":51},"end":{"line":8,"column":61}},{"start":{"line":8,"column":65},"end":{"line":8,"column":67}}],"line":8},"5":{"loc":{"start":{"line":11,"column":22},"end":{"line":13,"column":1}},"type":"binary-expr","locations":[{"start":{"line":11,"column":23},"end":{"line":11,"column":27}},{"start":{"line":11,"column":31},"end":{"line":11,"column":51}},{"start":{"line":11,"column":56},"end":{"line":13,"column":1}}],"line":11},"6":{"loc":{"start":{"line":12,"column":11},"end":{"line":12,"column":61}},"type":"cond-expr","locations":[{"start":{"line":12,"column":37},"end":{"line":12,"column":40}},{"start":{"line":12,"column":43},"end":{"line":12,"column":61}}],"line":12},"7":{"loc":{"start":{"line":12,"column":12},"end":{"line":12,"column":33}},"type":"binary-expr","locations":[{"start":{"line":12,"column":12},"end":{"line":12,"column":15}},{"start":{"line":12,"column":19},"end":{"line":12,"column":33}}],"line":12},"8":{"loc":{"start":{"line":20,"column":8},"end":{"line":25,"column":9}},"type":"if","locations":[{"start":{"line":20,"column":8},"end":{"line":25,"column":9}},{"start":{"line":23,"column":13},"end":{"line":25,"column":9}}],"line":20},"9":{"loc":{"start":{"line":34,"column":4},"end":{"line":36,"column":5}},"type":"if","locations":[{"start":{"line":34,"column":4},"end":{"line":36,"column":5}},{"start":{},"end":{}}],"line":34},"10":{"loc":{"start":{"line":34,"column":8},"end":{"line":34,"column":34}},"type":"binary-expr","locations":[{"start":{"line":34,"column":8},"end":{"line":34,"column":21}},{"start":{"line":34,"column":25},"end":{"line":34,"column":34}}],"line":34},"11":{"loc":{"start":{"line":51,"column":4},"end":{"line":62,"column":5}},"type":"if","locations":[{"start":{"line":51,"column":4},"end":{"line":62,"column":5}},{"start":{},"end":{}}],"line":51},"12":{"loc":{"start":{"line":51,"column":8},"end":{"line":51,"column":57}},"type":"binary-expr","locations":[{"start":{"line":51,"column":8},"end":{"line":51,"column":33}},{"start":{"line":51,"column":37},"end":{"line":51,"column":57}}],"line":51},"13":{"loc":{"start":{"line":75,"column":8},"end":{"line":77,"column":9}},"type":"if","locations":[{"start":{"line":75,"column":8},"end":{"line":77,"column":9}},{"start":{},"end":{}}],"line":75},"14":{"loc":{"start":{"line":75,"column":12},"end":{"line":75,"column":49}},"type":"binary-expr","locations":[{"start":{"line":75,"column":12},"end":{"line":75,"column":26}},{"start":{"line":75,"column":30},"end":{"line":75,"column":49}}],"line":75}},"s":{"0":3,"1":20,"2":17,"3":20,"4":16,"5":16,"6":0,"7":4,"8":4,"9":0,"10":40,"11":20,"12":3,"13":9,"14":3,"15":3,"16":3,"17":3,"18":7,"19":7,"20":7,"21":7,"22":5,"23":2,"24":7,"25":0,"26":3,"27":5,"28":5,"29":5,"30":2,"31":5,"32":5,"33":3,"34":2,"35":3,"36":3,"37":3,"38":3,"39":3,"40":2,"41":2,"42":2,"43":2,"44":2,"45":2,"46":0,"47":1,"48":1,"49":1,"50":0,"51":3,"52":5,"53":5,"54":5,"55":5,"56":5,"57":2,"58":5,"59":3,"60":2,"61":2,"62":3},"f":{"0":20,"1":20,"2":17,"3":20,"4":16,"5":4,"6":40,"7":9,"8":7,"9":7,"10":5,"11":5,"12":3,"13":3,"14":5,"15":5},"b":{"0":[3,3,3],"1":[3,17],"2":[20,20],"3":[20,20],"4":[20,20],"5":[3,3,3],"6":[0,9],"7":[9,9],"8":[5,2],"9":[2,3],"10":[5,3],"11":[2,1],"12":[3,1],"13":[2,3],"14":[5,3]},"inputSourceMap":null,"_coverageSchema":"1a1c01bbd47fc00a2c39e90264f33305004495a9","hash":"9b0f0e12deb661597f152d96c9870bd1c5fc13d5"}
,"C:\\Users\\mansh\\Desktop\\mern my code\\mernCourseLectureCode\\dist\\src\\models\\post_model.js": {"path":"C:\\Users\\mansh\\Desktop\\mern my code\\mernCourseLectureCode\\dist\\src\\models\\post_model.js","statementMap":{"0":{"start":{"line":2,"column":22},"end":{"line":4,"column":1}},"1":{"start":{"line":3,"column":4},"end":{"line":3,"column":62}},"2":{"start":{"line":5,"column":19},"end":{"line":5,"column":55}},"3":{"start":{"line":6,"column":19},"end":{"line":15,"column":2}},"4":{"start":{"line":16,"column":0},"end":{"line":16,"column":62}}},"fnMap":{"0":{"name":"(anonymous_0)","decl":{"start":{"line":2,"column":56},"end":{"line":2,"column":57}},"loc":{"start":{"line":2,"column":71},"end":{"line":4,"column":1}},"line":2}},"branchMap":{"0":{"loc":{"start":{"line":2,"column":22},"end":{"line":4,"column":1}},"type":"binary-expr","locations":[{"start":{"line":2,"column":23},"end":{"line":2,"column":27}},{"start":{"line":2,"column":31},"end":{"line":2,"column":51}},{"start":{"line":2,"column":56},"end":{"line":4,"column":1}}],"line":2},"1":{"loc":{"start":{"line":3,"column":11},"end":{"line":3,"column":61}},"type":"cond-expr","locations":[{"start":{"line":3,"column":37},"end":{"line":3,"column":40}},{"start":{"line":3,"column":43},"end":{"line":3,"column":61}}],"line":3},"2":{"loc":{"start":{"line":3,"column":12},"end":{"line":3,"column":33}},"type":"binary-expr","locations":[{"start":{"line":3,"column":12},"end":{"line":3,"column":15}},{"start":{"line":3,"column":19},"end":{"line":3,"column":33}}],"line":3}},"s":{"0":3,"1":3,"2":3,"3":3,"4":3},"f":{"0":3},"b":{"0":[3,3,3],"1":[0,3],"2":[3,3]},"inputSourceMap":null,"_coverageSchema":"1a1c01bbd47fc00a2c39e90264f33305004495a9","hash":"8d2af7634ef604240b03d359b69fb6476856b272"}
,"C:\\Users\\mansh\\Desktop\\mern my code\\mernCourseLectureCode\\dist\\src\\models\\user_model.js": {"path":"C:\\Users\\mansh\\Desktop\\mern my code\\mernCourseLectureCode\\dist\\src\\models\\user_model.js","statementMap":{"0":{"start":{"line":2,"column":22},"end":{"line":4,"column":1}},"1":{"start":{"line":3,"column":4},"end":{"line":3,"column":62}},"2":{"start":{"line":5,"column":19},"end":{"line":5,"column":55}},"3":{"start":{"line":6,"column":19},"end":{"line":18,"column":2}},"4":{"start":{"line":19,"column":0},"end":{"line":19,"column":62}}},"fnMap":{"0":{"name":"(anonymous_0)","decl":{"start":{"line":2,"column":56},"end":{"line":2,"column":57}},"loc":{"start":{"line":2,"column":71},"end":{"line":4,"column":1}},"line":2}},"branchMap":{"0":{"loc":{"start":{"line":2,"column":22},"end":{"line":4,"column":1}},"type":"binary-expr","locations":[{"start":{"line":2,"column":23},"end":{"line":2,"column":27}},{"start":{"line":2,"column":31},"end":{"line":2,"column":51}},{"start":{"line":2,"column":56},"end":{"line":4,"column":1}}],"line":2},"1":{"loc":{"start":{"line":3,"column":11},"end":{"line":3,"column":61}},"type":"cond-expr","locations":[{"start":{"line":3,"column":37},"end":{"line":3,"column":40}},{"start":{"line":3,"column":43},"end":{"line":3,"column":61}}],"line":3},"2":{"loc":{"start":{"line":3,"column":12},"end":{"line":3,"column":33}},"type":"binary-expr","locations":[{"start":{"line":3,"column":12},"end":{"line":3,"column":15}},{"start":{"line":3,"column":19},"end":{"line":3,"column":33}}],"line":3}},"s":{"0":3,"1":3,"2":3,"3":3,"4":3},"f":{"0":3},"b":{"0":[3,3,3],"1":[0,3],"2":[3,3]},"inputSourceMap":null,"_coverageSchema":"1a1c01bbd47fc00a2c39e90264f33305004495a9","hash":"4f43e50537d48814962bce46fba78175428ab2c1"}
,"C:\\Users\\mansh\\Desktop\\mern my code\\mernCourseLectureCode\\dist\\src\\routes\\auth_route.js": {"path":"C:\\Users\\mansh\\Desktop\\mern my code\\mernCourseLectureCode\\dist\\src\\routes\\auth_route.js","statementMap":{"0":{"start":{"line":2,"column":22},"end":{"line":4,"column":1}},"1":{"start":{"line":3,"column":4},"end":{"line":3,"column":62}},"2":{"start":{"line":5,"column":18},"end":{"line":5,"column":53}},"3":{"start":{"line":6,"column":15},"end":{"line":6,"column":41}},"4":{"start":{"line":7,"column":15},"end":{"line":7,"column":62}},"5":{"start":{"line":72,"column":0},"end":{"line":72,"column":50}},"6":{"start":{"line":102,"column":0},"end":{"line":102,"column":44}},"7":{"start":{"line":128,"column":0},"end":{"line":128,"column":47}},"8":{"start":{"line":142,"column":0},"end":{"line":142,"column":45}},"9":{"start":{"line":143,"column":0},"end":{"line":143,"column":24}}},"fnMap":{"0":{"name":"(anonymous_0)","decl":{"start":{"line":2,"column":56},"end":{"line":2,"column":57}},"loc":{"start":{"line":2,"column":71},"end":{"line":4,"column":1}},"line":2}},"branchMap":{"0":{"loc":{"start":{"line":2,"column":22},"end":{"line":4,"column":1}},"type":"binary-expr","locations":[{"start":{"line":2,"column":23},"end":{"line":2,"column":27}},{"start":{"line":2,"column":31},"end":{"line":2,"column":51}},{"start":{"line":2,"column":56},"end":{"line":4,"column":1}}],"line":2},"1":{"loc":{"start":{"line":3,"column":11},"end":{"line":3,"column":61}},"type":"cond-expr","locations":[{"start":{"line":3,"column":37},"end":{"line":3,"column":40}},{"start":{"line":3,"column":43},"end":{"line":3,"column":61}}],"line":3},"2":{"loc":{"start":{"line":3,"column":12},"end":{"line":3,"column":33}},"type":"binary-expr","locations":[{"start":{"line":3,"column":12},"end":{"line":3,"column":15}},{"start":{"line":3,"column":19},"end":{"line":3,"column":33}}],"line":3}},"s":{"0":3,"1":6,"2":3,"3":3,"4":3,"5":3,"6":3,"7":3,"8":3,"9":3},"f":{"0":6},"b":{"0":[3,3,3],"1":[0,6],"2":[6,6]},"inputSourceMap":null,"_coverageSchema":"1a1c01bbd47fc00a2c39e90264f33305004495a9","hash":"bc37a4404fee4897eae46fdb22d823b50eb02d93"}
,"C:\\Users\\mansh\\Desktop\\mern my code\\mernCourseLectureCode\\dist\\src\\routes\\post_route.js": {"path":"C:\\Users\\mansh\\Desktop\\mern my code\\mernCourseLectureCode\\dist\\src\\routes\\post_route.js","statementMap":{"0":{"start":{"line":8,"column":16},"end":{"line":16,"column":1}},"1":{"start":{"line":9,"column":28},"end":{"line":9,"column":110}},"2":{"start":{"line":9,"column":91},"end":{"line":9,"column":106}},"3":{"start":{"line":10,"column":4},"end":{"line":15,"column":7}},"4":{"start":{"line":11,"column":36},"end":{"line":11,"column":97}},"5":{"start":{"line":11,"column":42},"end":{"line":11,"column":70}},"6":{"start":{"line":11,"column":85},"end":{"line":11,"column":95}},"7":{"start":{"line":12,"column":35},"end":{"line":12,"column":100}},"8":{"start":{"line":12,"column":41},"end":{"line":12,"column":73}},"9":{"start":{"line":12,"column":88},"end":{"line":12,"column":98}},"10":{"start":{"line":13,"column":32},"end":{"line":13,"column":116}},"11":{"start":{"line":14,"column":8},"end":{"line":14,"column":78}},"12":{"start":{"line":17,"column":22},"end":{"line":19,"column":1}},"13":{"start":{"line":18,"column":4},"end":{"line":18,"column":62}},"14":{"start":{"line":20,"column":18},"end":{"line":20,"column":53}},"15":{"start":{"line":21,"column":15},"end":{"line":21,"column":41}},"16":{"start":{"line":22,"column":15},"end":{"line":22,"column":62}},"17":{"start":{"line":23,"column":15},"end":{"line":23,"column":62}},"18":{"start":{"line":24,"column":14},"end":{"line":24,"column":55}},"19":{"start":{"line":70,"column":0},"end":{"line":86,"column":4}},"20":{"start":{"line":70,"column":69},"end":{"line":86,"column":2}},"21":{"start":{"line":71,"column":4},"end":{"line":85,"column":5}},"22":{"start":{"line":72,"column":25},"end":{"line":72,"column":93}},"23":{"start":{"line":73,"column":8},"end":{"line":75,"column":9}},"24":{"start":{"line":74,"column":12},"end":{"line":74,"column":43}},"25":{"start":{"line":76,"column":8},"end":{"line":81,"column":9}},"26":{"start":{"line":77,"column":12},"end":{"line":80,"column":15}},"27":{"start":{"line":84,"column":8},"end":{"line":84,"column":27}},"28":{"start":{"line":111,"column":0},"end":{"line":127,"column":4}},"29":{"start":{"line":111,"column":72},"end":{"line":127,"column":2}},"30":{"start":{"line":112,"column":4},"end":{"line":126,"column":5}},"31":{"start":{"line":113,"column":25},"end":{"line":113,"column":93}},"32":{"start":{"line":114,"column":8},"end":{"line":116,"column":9}},"33":{"start":{"line":115,"column":12},"end":{"line":115,"column":43}},"34":{"start":{"line":117,"column":8},"end":{"line":122,"column":9}},"35":{"start":{"line":118,"column":12},"end":{"line":121,"column":15}},"36":{"start":{"line":125,"column":8},"end":{"line":125,"column":27}},"37":{"start":{"line":151,"column":0},"end":{"line":162,"column":4}},"38":{"start":{"line":151,"column":70},"end":{"line":162,"column":2}},"39":{"start":{"line":152,"column":4},"end":{"line":161,"column":5}},"40":{"start":{"line":153,"column":25},"end":{"line":153,"column":92}},"41":{"start":{"line":154,"column":8},"end":{"line":154,"column":39}},"42":{"start":{"line":157,"column":8},"end":{"line":160,"column":11}},"43":{"start":{"line":193,"column":0},"end":{"line":209,"column":4}},"44":{"start":{"line":193,"column":72},"end":{"line":209,"column":2}},"45":{"start":{"line":194,"column":4},"end":{"line":208,"column":5}},"46":{"start":{"line":195,"column":25},"end":{"line":195,"column":93}},"47":{"start":{"line":196,"column":8},"end":{"line":198,"column":9}},"48":{"start":{"line":197,"column":12},"end":{"line":197,"column":43}},"49":{"start":{"line":199,"column":8},"end":{"line":204,"column":9}},"50":{"start":{"line":200,"column":12},"end":{"line":203,"column":15}},"51":{"start":{"line":207,"column":8},"end":{"line":207,"column":27}},"52":{"start":{"line":210,"column":0},"end":{"line":210,"column":24}}},"fnMap":{"0":{"name":"(anonymous_0)","decl":{"start":{"line":8,"column":44},"end":{"line":8,"column":45}},"loc":{"start":{"line":8,"column":89},"end":{"line":16,"column":1}},"line":8},"1":{"name":"adopt","decl":{"start":{"line":9,"column":13},"end":{"line":9,"column":18}},"loc":{"start":{"line":9,"column":26},"end":{"line":9,"column":112}},"line":9},"2":{"name":"(anonymous_2)","decl":{"start":{"line":9,"column":70},"end":{"line":9,"column":71}},"loc":{"start":{"line":9,"column":89},"end":{"line":9,"column":108}},"line":9},"3":{"name":"(anonymous_3)","decl":{"start":{"line":10,"column":36},"end":{"line":10,"column":37}},"loc":{"start":{"line":10,"column":63},"end":{"line":15,"column":5}},"line":10},"4":{"name":"fulfilled","decl":{"start":{"line":11,"column":17},"end":{"line":11,"column":26}},"loc":{"start":{"line":11,"column":34},"end":{"line":11,"column":99}},"line":11},"5":{"name":"rejected","decl":{"start":{"line":12,"column":17},"end":{"line":12,"column":25}},"loc":{"start":{"line":12,"column":33},"end":{"line":12,"column":102}},"line":12},"6":{"name":"step","decl":{"start":{"line":13,"column":17},"end":{"line":13,"column":21}},"loc":{"start":{"line":13,"column":30},"end":{"line":13,"column":118}},"line":13},"7":{"name":"(anonymous_7)","decl":{"start":{"line":17,"column":56},"end":{"line":17,"column":57}},"loc":{"start":{"line":17,"column":71},"end":{"line":19,"column":1}},"line":17},"8":{"name":"(anonymous_8)","decl":{"start":{"line":70,"column":55},"end":{"line":70,"column":56}},"loc":{"start":{"line":70,"column":69},"end":{"line":86,"column":2}},"line":70},"9":{"name":"(anonymous_9)","decl":{"start":{"line":70,"column":103},"end":{"line":70,"column":104}},"loc":{"start":{"line":70,"column":116},"end":{"line":86,"column":1}},"line":70},"10":{"name":"(anonymous_10)","decl":{"start":{"line":111,"column":58},"end":{"line":111,"column":59}},"loc":{"start":{"line":111,"column":72},"end":{"line":127,"column":2}},"line":111},"11":{"name":"(anonymous_11)","decl":{"start":{"line":111,"column":106},"end":{"line":111,"column":107}},"loc":{"start":{"line":111,"column":119},"end":{"line":127,"column":1}},"line":111},"12":{"name":"(anonymous_12)","decl":{"start":{"line":151,"column":56},"end":{"line":151,"column":57}},"loc":{"start":{"line":151,"column":70},"end":{"line":162,"column":2}},"line":151},"13":{"name":"(anonymous_13)","decl":{"start":{"line":151,"column":104},"end":{"line":151,"column":105}},"loc":{"start":{"line":151,"column":117},"end":{"line":162,"column":1}},"line":151},"14":{"name":"(anonymous_14)","decl":{"start":{"line":193,"column":58},"end":{"line":193,"column":59}},"loc":{"start":{"line":193,"column":72},"end":{"line":209,"column":2}},"line":193},"15":{"name":"(anonymous_15)","decl":{"start":{"line":193,"column":106},"end":{"line":193,"column":107}},"loc":{"start":{"line":193,"column":119},"end":{"line":209,"column":1}},"line":193}},"branchMap":{"0":{"loc":{"start":{"line":8,"column":16},"end":{"line":16,"column":1}},"type":"binary-expr","locations":[{"start":{"line":8,"column":17},"end":{"line":8,"column":21}},{"start":{"line":8,"column":25},"end":{"line":8,"column":39}},{"start":{"line":8,"column":44},"end":{"line":16,"column":1}}],"line":8},"1":{"loc":{"start":{"line":9,"column":35},"end":{"line":9,"column":109}},"type":"cond-expr","locations":[{"start":{"line":9,"column":56},"end":{"line":9,"column":61}},{"start":{"line":9,"column":64},"end":{"line":9,"column":109}}],"line":9},"2":{"loc":{"start":{"line":10,"column":16},"end":{"line":10,"column":34}},"type":"binary-expr","locations":[{"start":{"line":10,"column":16},"end":{"line":10,"column":17}},{"start":{"line":10,"column":22},"end":{"line":10,"column":33}}],"line":10},"3":{"loc":{"start":{"line":13,"column":32},"end":{"line":13,"column":115}},"type":"cond-expr","locations":[{"start":{"line":13,"column":46},"end":{"line":13,"column":67}},{"start":{"line":13,"column":70},"end":{"line":13,"column":115}}],"line":13},"4":{"loc":{"start":{"line":14,"column":51},"end":{"line":14,"column":67}},"type":"binary-expr","locations":[{"start":{"line":14,"column":51},"end":{"line":14,"column":61}},{"start":{"line":14,"column":65},"end":{"line":14,"column":67}}],"line":14},"5":{"loc":{"start":{"line":17,"column":22},"end":{"line":19,"column":1}},"type":"binary-expr","locations":[{"start":{"line":17,"column":23},"end":{"line":17,"column":27}},{"start":{"line":17,"column":31},"end":{"line":17,"column":51}},{"start":{"line":17,"column":56},"end":{"line":19,"column":1}}],"line":17},"6":{"loc":{"start":{"line":18,"column":11},"end":{"line":18,"column":61}},"type":"cond-expr","locations":[{"start":{"line":18,"column":37},"end":{"line":18,"column":40}},{"start":{"line":18,"column":43},"end":{"line":18,"column":61}}],"line":18},"7":{"loc":{"start":{"line":18,"column":12},"end":{"line":18,"column":33}},"type":"binary-expr","locations":[{"start":{"line":18,"column":12},"end":{"line":18,"column":15}},{"start":{"line":18,"column":19},"end":{"line":18,"column":33}}],"line":18},"8":{"loc":{"start":{"line":73,"column":8},"end":{"line":75,"column":9}},"type":"if","locations":[{"start":{"line":73,"column":8},"end":{"line":75,"column":9}},{"start":{},"end":{}}],"line":73},"9":{"loc":{"start":{"line":76,"column":8},"end":{"line":81,"column":9}},"type":"if","locations":[{"start":{"line":76,"column":8},"end":{"line":81,"column":9}},{"start":{},"end":{}}],"line":76},"10":{"loc":{"start":{"line":114,"column":8},"end":{"line":116,"column":9}},"type":"if","locations":[{"start":{"line":114,"column":8},"end":{"line":116,"column":9}},{"start":{},"end":{}}],"line":114},"11":{"loc":{"start":{"line":117,"column":8},"end":{"line":122,"column":9}},"type":"if","locations":[{"start":{"line":117,"column":8},"end":{"line":122,"column":9}},{"start":{},"end":{}}],"line":117},"12":{"loc":{"start":{"line":196,"column":8},"end":{"line":198,"column":9}},"type":"if","locations":[{"start":{"line":196,"column":8},"end":{"line":198,"column":9}},{"start":{},"end":{}}],"line":196},"13":{"loc":{"start":{"line":199,"column":8},"end":{"line":204,"column":9}},"type":"if","locations":[{"start":{"line":199,"column":8},"end":{"line":204,"column":9}},{"start":{},"end":{}}],"line":199}},"s":{"0":3,"1":12,"2":0,"3":12,"4":12,"5":12,"6":0,"7":0,"8":0,"9":0,"10":24,"11":12,"12":3,"13":12,"14":3,"15":3,"16":3,"17":3,"18":3,"19":3,"20":5,"21":5,"22":5,"23":5,"24":5,"25":5,"26":0,"27":5,"28":3,"29":3,"30":3,"31":3,"32":3,"33":2,"34":3,"35":1,"36":2,"37":3,"38":1,"39":1,"40":1,"41":1,"42":0,"43":3,"44":3,"45":3,"46":3,"47":3,"48":2,"49":3,"50":1,"51":2,"52":3},"f":{"0":12,"1":12,"2":0,"3":12,"4":12,"5":0,"6":24,"7":12,"8":5,"9":5,"10":3,"11":3,"12":1,"13":1,"14":3,"15":3},"b":{"0":[3,3,3],"1":[12,0],"2":[12,12],"3":[12,12],"4":[12,12],"5":[3,3,3],"6":[0,12],"7":[12,12],"8":[5,0],"9":[0,0],"10":[2,1],"11":[1,0],"12":[2,1],"13":[1,0]},"inputSourceMap":null,"_coverageSchema":"1a1c01bbd47fc00a2c39e90264f33305004495a9","hash":"38c0bc440e0e1b9b5e0b3c181b54c27e4788424d"}
,"C:\\Users\\mansh\\Desktop\\mern my code\\mernCourseLectureCode\\dist\\src\\socket\\chatHandler.js": {"path":"C:\\Users\\mansh\\Desktop\\mern my code\\mernCourseLectureCode\\dist\\src\\socket\\chatHandler.js","statementMap":{"0":{"start":{"line":2,"column":0},"end":{"line":11,"column":2}},"1":{"start":{"line":3,"column":24},"end":{"line":8,"column":5}},"2":{"start":{"line":4,"column":19},"end":{"line":4,"column":29}},"3":{"start":{"line":5,"column":24},"end":{"line":5,"column":39}},"4":{"start":{"line":6,"column":21},"end":{"line":6,"column":37}},"5":{"start":{"line":7,"column":8},"end":{"line":7,"column":87}},"6":{"start":{"line":9,"column":4},"end":{"line":9,"column":42}},"7":{"start":{"line":10,"column":4},"end":{"line":10,"column":48}}},"fnMap":{"0":{"name":"(anonymous_0)","decl":{"start":{"line":2,"column":17},"end":{"line":2,"column":18}},"loc":{"start":{"line":2,"column":33},"end":{"line":11,"column":1}},"line":2},"1":{"name":"(anonymous_1)","decl":{"start":{"line":3,"column":24},"end":{"line":3,"column":25}},"loc":{"start":{"line":3,"column":37},"end":{"line":8,"column":5}},"line":3}},"branchMap":{},"s":{"0":1,"1":2,"2":1,"3":1,"4":1,"5":1,"6":2,"7":2},"f":{"0":2,"1":1},"b":{},"inputSourceMap":null,"_coverageSchema":"1a1c01bbd47fc00a2c39e90264f33305004495a9","hash":"bf6a1e1d4469e2226edad9c9ed1d510cf939c42d"}
,"C:\\Users\\mansh\\Desktop\\mern my code\\mernCourseLectureCode\\dist\\src\\socket\\echoHandler.js": {"path":"C:\\Users\\mansh\\Desktop\\mern my code\\mernCourseLectureCode\\dist\\src\\socket\\echoHandler.js","statementMap":{"0":{"start":{"line":2,"column":0},"end":{"line":13,"column":2}},"1":{"start":{"line":3,"column":24},"end":{"line":6,"column":5}},"2":{"start":{"line":4,"column":8},"end":{"line":4,"column":55}},"3":{"start":{"line":5,"column":8},"end":{"line":5,"column":46}},"4":{"start":{"line":7,"column":24},"end":{"line":9,"column":5}},"5":{"start":{"line":10,"column":4},"end":{"line":10,"column":42}},"6":{"start":{"line":11,"column":4},"end":{"line":11,"column":40}},"7":{"start":{"line":12,"column":4},"end":{"line":12,"column":40}}},"fnMap":{"0":{"name":"(anonymous_0)","decl":{"start":{"line":2,"column":17},"end":{"line":2,"column":18}},"loc":{"start":{"line":2,"column":33},"end":{"line":13,"column":1}},"line":2},"1":{"name":"(anonymous_1)","decl":{"start":{"line":3,"column":24},"end":{"line":3,"column":25}},"loc":{"start":{"line":3,"column":37},"end":{"line":6,"column":5}},"line":3},"2":{"name":"(anonymous_2)","decl":{"start":{"line":7,"column":24},"end":{"line":7,"column":25}},"loc":{"start":{"line":7,"column":37},"end":{"line":9,"column":5}},"line":7}},"branchMap":{},"s":{"0":1,"1":2,"2":1,"3":1,"4":2,"5":2,"6":2,"7":2},"f":{"0":2,"1":1,"2":0},"b":{},"inputSourceMap":null,"_coverageSchema":"1a1c01bbd47fc00a2c39e90264f33305004495a9","hash":"d3afc4847a1031d7d61443cab9911268fa2d3751"}
,"C:\\Users\\mansh\\Desktop\\mern my code\\mernCourseLectureCode\\dist\\src\\socket\\postHandler.js": {"path":"C:\\Users\\mansh\\Desktop\\mern my code\\mernCourseLectureCode\\dist\\src\\socket\\postHandler.js","statementMap":{"0":{"start":{"line":2,"column":16},"end":{"line":10,"column":1}},"1":{"start":{"line":3,"column":28},"end":{"line":3,"column":110}},"2":{"start":{"line":3,"column":91},"end":{"line":3,"column":106}},"3":{"start":{"line":4,"column":4},"end":{"line":9,"column":7}},"4":{"start":{"line":5,"column":36},"end":{"line":5,"column":97}},"5":{"start":{"line":5,"column":42},"end":{"line":5,"column":70}},"6":{"start":{"line":5,"column":85},"end":{"line":5,"column":95}},"7":{"start":{"line":6,"column":35},"end":{"line":6,"column":100}},"8":{"start":{"line":6,"column":41},"end":{"line":6,"column":73}},"9":{"start":{"line":6,"column":88},"end":{"line":6,"column":98}},"10":{"start":{"line":7,"column":32},"end":{"line":7,"column":116}},"11":{"start":{"line":8,"column":8},"end":{"line":8,"column":78}},"12":{"start":{"line":11,"column":22},"end":{"line":13,"column":1}},"13":{"start":{"line":12,"column":4},"end":{"line":12,"column":62}},"14":{"start":{"line":14,"column":15},"end":{"line":14,"column":62}},"15":{"start":{"line":15,"column":14},"end":{"line":15,"column":55}},"16":{"start":{"line":16,"column":0},"end":{"line":72,"column":2}},"17":{"start":{"line":17,"column":24},"end":{"line":25,"column":6}},"18":{"start":{"line":17,"column":37},"end":{"line":25,"column":6}},"19":{"start":{"line":18,"column":8},"end":{"line":24,"column":9}},"20":{"start":{"line":19,"column":29},"end":{"line":19,"column":126}},"21":{"start":{"line":20,"column":12},"end":{"line":20,"column":60}},"22":{"start":{"line":23,"column":12},"end":{"line":23,"column":67}},"23":{"start":{"line":26,"column":29},"end":{"line":35,"column":6}},"24":{"start":{"line":26,"column":42},"end":{"line":35,"column":6}},"25":{"start":{"line":27,"column":8},"end":{"line":27,"column":49}},"26":{"start":{"line":28,"column":8},"end":{"line":34,"column":9}},"27":{"start":{"line":29,"column":29},"end":{"line":29,"column":136}},"28":{"start":{"line":30,"column":12},"end":{"line":30,"column":67}},"29":{"start":{"line":33,"column":12},"end":{"line":33,"column":74}},"30":{"start":{"line":36,"column":24},"end":{"line":45,"column":6}},"31":{"start":{"line":36,"column":37},"end":{"line":45,"column":6}},"32":{"start":{"line":37,"column":8},"end":{"line":37,"column":60}},"33":{"start":{"line":38,"column":8},"end":{"line":44,"column":9}},"34":{"start":{"line":39,"column":29},"end":{"line":39,"column":128}},"35":{"start":{"line":40,"column":12},"end":{"line":40,"column":63}},"36":{"start":{"line":43,"column":12},"end":{"line":43,"column":70}},"37":{"start":{"line":46,"column":24},"end":{"line":55,"column":6}},"38":{"start":{"line":46,"column":37},"end":{"line":55,"column":6}},"39":{"start":{"line":47,"column":8},"end":{"line":47,"column":63}},"40":{"start":{"line":48,"column":8},"end":{"line":54,"column":9}},"41":{"start":{"line":49,"column":29},"end":{"line":49,"column":121}},"42":{"start":{"line":50,"column":12},"end":{"line":50,"column":60}},"43":{"start":{"line":53,"column":12},"end":{"line":53,"column":67}},"44":{"start":{"line":56,"column":23},"end":{"line":65,"column":6}},"45":{"start":{"line":56,"column":36},"end":{"line":65,"column":6}},"46":{"start":{"line":57,"column":8},"end":{"line":57,"column":67}},"47":{"start":{"line":58,"column":8},"end":{"line":64,"column":9}},"48":{"start":{"line":59,"column":29},"end":{"line":59,"column":112}},"49":{"start":{"line":60,"column":12},"end":{"line":60,"column":60}},"50":{"start":{"line":63,"column":12},"end":{"line":63,"column":67}},"51":{"start":{"line":66,"column":4},"end":{"line":66,"column":42}},"52":{"start":{"line":67,"column":4},"end":{"line":67,"column":39}},"53":{"start":{"line":68,"column":4},"end":{"line":68,"column":51}},"54":{"start":{"line":69,"column":4},"end":{"line":69,"column":42}},"55":{"start":{"line":70,"column":4},"end":{"line":70,"column":42}},"56":{"start":{"line":71,"column":4},"end":{"line":71,"column":39}}},"fnMap":{"0":{"name":"(anonymous_0)","decl":{"start":{"line":2,"column":44},"end":{"line":2,"column":45}},"loc":{"start":{"line":2,"column":89},"end":{"line":10,"column":1}},"line":2},"1":{"name":"adopt","decl":{"start":{"line":3,"column":13},"end":{"line":3,"column":18}},"loc":{"start":{"line":3,"column":26},"end":{"line":3,"column":112}},"line":3},"2":{"name":"(anonymous_2)","decl":{"start":{"line":3,"column":70},"end":{"line":3,"column":71}},"loc":{"start":{"line":3,"column":89},"end":{"line":3,"column":108}},"line":3},"3":{"name":"(anonymous_3)","decl":{"start":{"line":4,"column":36},"end":{"line":4,"column":37}},"loc":{"start":{"line":4,"column":63},"end":{"line":9,"column":5}},"line":4},"4":{"name":"fulfilled","decl":{"start":{"line":5,"column":17},"end":{"line":5,"column":26}},"loc":{"start":{"line":5,"column":34},"end":{"line":5,"column":99}},"line":5},"5":{"name":"rejected","decl":{"start":{"line":6,"column":17},"end":{"line":6,"column":25}},"loc":{"start":{"line":6,"column":33},"end":{"line":6,"column":102}},"line":6},"6":{"name":"step","decl":{"start":{"line":7,"column":17},"end":{"line":7,"column":21}},"loc":{"start":{"line":7,"column":30},"end":{"line":7,"column":118}},"line":7},"7":{"name":"(anonymous_7)","decl":{"start":{"line":11,"column":56},"end":{"line":11,"column":57}},"loc":{"start":{"line":11,"column":71},"end":{"line":13,"column":1}},"line":11},"8":{"name":"(anonymous_8)","decl":{"start":{"line":16,"column":17},"end":{"line":16,"column":18}},"loc":{"start":{"line":16,"column":33},"end":{"line":72,"column":1}},"line":16},"9":{"name":"(anonymous_9)","decl":{"start":{"line":17,"column":24},"end":{"line":17,"column":25}},"loc":{"start":{"line":17,"column":37},"end":{"line":25,"column":6}},"line":17},"10":{"name":"(anonymous_10)","decl":{"start":{"line":17,"column":71},"end":{"line":17,"column":72}},"loc":{"start":{"line":17,"column":84},"end":{"line":25,"column":5}},"line":17},"11":{"name":"(anonymous_11)","decl":{"start":{"line":26,"column":29},"end":{"line":26,"column":30}},"loc":{"start":{"line":26,"column":42},"end":{"line":35,"column":6}},"line":26},"12":{"name":"(anonymous_12)","decl":{"start":{"line":26,"column":76},"end":{"line":26,"column":77}},"loc":{"start":{"line":26,"column":89},"end":{"line":35,"column":5}},"line":26},"13":{"name":"(anonymous_13)","decl":{"start":{"line":36,"column":24},"end":{"line":36,"column":25}},"loc":{"start":{"line":36,"column":37},"end":{"line":45,"column":6}},"line":36},"14":{"name":"(anonymous_14)","decl":{"start":{"line":36,"column":71},"end":{"line":36,"column":72}},"loc":{"start":{"line":36,"column":84},"end":{"line":45,"column":5}},"line":36},"15":{"name":"(anonymous_15)","decl":{"start":{"line":46,"column":24},"end":{"line":46,"column":25}},"loc":{"start":{"line":46,"column":37},"end":{"line":55,"column":6}},"line":46},"16":{"name":"(anonymous_16)","decl":{"start":{"line":46,"column":71},"end":{"line":46,"column":72}},"loc":{"start":{"line":46,"column":84},"end":{"line":55,"column":5}},"line":46},"17":{"name":"(anonymous_17)","decl":{"start":{"line":56,"column":23},"end":{"line":56,"column":24}},"loc":{"start":{"line":56,"column":36},"end":{"line":65,"column":6}},"line":56},"18":{"name":"(anonymous_18)","decl":{"start":{"line":56,"column":70},"end":{"line":56,"column":71}},"loc":{"start":{"line":56,"column":83},"end":{"line":65,"column":5}},"line":56}},"branchMap":{"0":{"loc":{"start":{"line":2,"column":16},"end":{"line":10,"column":1}},"type":"binary-expr","locations":[{"start":{"line":2,"column":17},"end":{"line":2,"column":21}},{"start":{"line":2,"column":25},"end":{"line":2,"column":39}},{"start":{"line":2,"column":44},"end":{"line":10,"column":1}}],"line":2},"1":{"loc":{"start":{"line":3,"column":35},"end":{"line":3,"column":109}},"type":"cond-expr","locations":[{"start":{"line":3,"column":56},"end":{"line":3,"column":61}},{"start":{"line":3,"column":64},"end":{"line":3,"column":109}}],"line":3},"2":{"loc":{"start":{"line":4,"column":16},"end":{"line":4,"column":34}},"type":"binary-expr","locations":[{"start":{"line":4,"column":16},"end":{"line":4,"column":17}},{"start":{"line":4,"column":22},"end":{"line":4,"column":33}}],"line":4},"3":{"loc":{"start":{"line":7,"column":32},"end":{"line":7,"column":115}},"type":"cond-expr","locations":[{"start":{"line":7,"column":46},"end":{"line":7,"column":67}},{"start":{"line":7,"column":70},"end":{"line":7,"column":115}}],"line":7},"4":{"loc":{"start":{"line":8,"column":51},"end":{"line":8,"column":67}},"type":"binary-expr","locations":[{"start":{"line":8,"column":51},"end":{"line":8,"column":61}},{"start":{"line":8,"column":65},"end":{"line":8,"column":67}}],"line":8},"5":{"loc":{"start":{"line":11,"column":22},"end":{"line":13,"column":1}},"type":"binary-expr","locations":[{"start":{"line":11,"column":23},"end":{"line":11,"column":27}},{"start":{"line":11,"column":31},"end":{"line":11,"column":51}},{"start":{"line":11,"column":56},"end":{"line":13,"column":1}}],"line":11},"6":{"loc":{"start":{"line":12,"column":11},"end":{"line":12,"column":61}},"type":"cond-expr","locations":[{"start":{"line":12,"column":37},"end":{"line":12,"column":40}},{"start":{"line":12,"column":43},"end":{"line":12,"column":61}}],"line":12},"7":{"loc":{"start":{"line":12,"column":12},"end":{"line":12,"column":33}},"type":"binary-expr","locations":[{"start":{"line":12,"column":12},"end":{"line":12,"column":15}},{"start":{"line":12,"column":19},"end":{"line":12,"column":33}}],"line":12}},"s":{"0":1,"1":8,"2":0,"3":8,"4":8,"5":8,"6":0,"7":0,"8":0,"9":0,"10":16,"11":8,"12":1,"13":2,"14":1,"15":1,"16":1,"17":2,"18":1,"19":1,"20":1,"21":1,"22":0,"23":2,"24":1,"25":1,"26":1,"27":1,"28":1,"29":0,"30":2,"31":2,"32":2,"33":2,"34":2,"35":2,"36":0,"37":2,"38":2,"39":2,"40":2,"41":2,"42":2,"43":0,"44":2,"45":2,"46":2,"47":2,"48":2,"49":2,"50":0,"51":2,"52":2,"53":2,"54":2,"55":2,"56":2},"f":{"0":8,"1":8
[...]
:{"line":56,"column":4},"end":{"line":61,"column":null}},"34":{"start":{"line":57,"column":24},"end":{"line":57,"column":41}},"35":{"start":{"line":58,"column":8},"end":{"line":58,"column":55}},"36":{"start":{"line":60,"column":8},"end":{"line":60,"column":73}},"37":{"start":{"line":66,"column":20},"end":{"line":79,"column":null}},"38":{"start":{"line":66,"column":34},"end":{"line":79,"column":null}},"39":{"start":{"line":67,"column":4},"end":{"line":78,"column":null}},"40":{"start":{"line":68,"column":30},"end":{"line":68,"column":46}},"41":{"start":{"line":69,"column":21},"end":{"line":69,"column":34}},"42":{"start":{"line":70,"column":8},"end":{"line":72,"column":null}},"43":{"start":{"line":71,"column":12},"end":{"line":71,"column":32}},"44":{"start":{"line":73,"column":21},"end":{"line":73,"column":99}},"45":{"start":{"line":74,"column":8},"end":{"line":74,"column":52}},"46":{"start":{"line":76,"column":8},"end":{"line":76,"column":null}},"47":{"start":{"line":77,"column":8},"end":{"line":77,"column":94}},"48":{"start":{"line":82,"column":0},"end":{"line":82,"column":null}}},"fnMap":{"0":{"name":"(anonymous_8)","decl":{"start":{"line":8,"column":20},"end":{"line":8,"column":27}},"loc":{"start":{"line":8,"column":34},"end":{"line":20,"column":null}}},"1":{"name":"(anonymous_9)","decl":{"start":{"line":8,"column":34},"end":{"line":8,"column":null}},"loc":{"start":{"line":8,"column":34},"end":{"line":20,"column":1}}},"2":{"name":"(anonymous_10)","decl":{"start":{"line":22,"column":20},"end":{"line":22,"column":27}},"loc":{"start":{"line":22,"column":34},"end":{"line":33,"column":null}}},"3":{"name":"(anonymous_11)","decl":{"start":{"line":22,"column":34},"end":{"line":22,"column":null}},"loc":{"start":{"line":22,"column":34},"end":{"line":33,"column":1}}},"4":{"name":"(anonymous_12)","decl":{"start":{"line":36,"column":19},"end":{"line":36,"column":26}},"loc":{"start":{"line":36,"column":33},"end":{"line":63,"column":null}}},"5":{"name":"(anonymous_13)","decl":{"start":{"line":36,"column":33},"end":{"line":36,"column":null}},"loc":{"start":{"line":36,"column":33},"end":{"line":63,"column":1}}},"6":{"name":"(anonymous_14)","decl":{"start":{"line":66,"column":20},"end":{"line":66,"column":27}},"loc":{"start":{"line":66,"column":34},"end":{"line":79,"column":null}}},"7":{"name":"(anonymous_15)","decl":{"start":{"line":66,"column":34},"end":{"line":66,"column":null}},"loc":{"start":{"line":66,"column":34},"end":{"line":79,"column":1}}}},"branchMap":{"0":{"loc":{"start":{"line":11,"column":8},"end":{"line":15,"column":null}},"type":"if","locations":[{"start":{"line":11,"column":8},"end":{"line":15,"column":null}},{"start":{"line":13,"column":15},"end":{"line":15,"column":null}}]},"1":{"loc":{"start":{"line":24,"column":4},"end":{"line":26,"column":null}},"type":"if","locations":[{"start":{"line":24,"column":4},"end":{"line":26,"column":null}}]},"2":{"loc":{"start":{"line":24,"column":8},"end":{"line":24,"column":34}},"type":"binary-expr","locations":[{"start":{"line":24,"column":8},"end":{"line":24,"column":21}},{"start":{"line":24,"column":25},"end":{"line":24,"column":34}}]},"3":{"loc":{"start":{"line":44,"column":4},"end":{"line":54,"column":null}},"type":"if","locations":[{"start":{"line":44,"column":4},"end":{"line":54,"column":null}}]},"4":{"loc":{"start":{"line":44,"column":8},"end":{"line":44,"column":57}},"type":"binary-expr","locations":[{"start":{"line":44,"column":8},"end":{"line":44,"column":33}},{"start":{"line":44,"column":37},"end":{"line":44,"column":57}}]},"5":{"loc":{"start":{"line":70,"column":8},"end":{"line":72,"column":null}},"type":"if","locations":[{"start":{"line":70,"column":8},"end":{"line":72,"column":null}}]},"6":{"loc":{"start":{"line":70,"column":12},"end":{"line":70,"column":49}},"type":"binary-expr","locations":[{"start":{"line":70,"column":12},"end":{"line":70,"column":26}},{"start":{"line":70,"column":30},"end":{"line":70,"column":49}}]}},"s":{"0":3,"1":3,"2":3,"3":3,"4":7,"5":7,"6":7,"7":7,"8":5,"9":2,"10":7,"11":0,"12":3,"13":5,"14":5,"15":5,"16":2,"17":5,"18":5,"19":3,"20":2,"21":3,"22":3,"23":3,"24":3,"25":3,"26":2,"27":2,"28":2,"29":2,"30":2,"31":2,"32":0,"33":1,"34":1,"35":1,"36":0,"37":3,"38":5,"39":5,"40":5,"41":5,"42":5,"43":2,"44":5,"45":3,"46":2,"47":2,"48":3},"f":{"0":7,"1":7,"2":5,"3":5,"4":3,"5":3,"6":5,"7":5},"b":{"0":[5,2],"1":[2],"2":[5,3],"3":[2],"4":[3,1],"5":[2],"6":[5,3]}}
,"C:\\Users\\mansh\\Desktop\\mern my code\\mernCourseLectureCode\\src\\models\\post_model.ts": {"path":"C:\\Users\\mansh\\Desktop\\mern my code\\mernCourseLectureCode\\src\\models\\post_model.ts","statementMap":{"0":{"start":{"line":1,"column":0},"end":{"line":1,"column":31}},"1":{"start":{"line":3,"column":19},"end":{"line":12,"column":2}},"2":{"start":{"line":14,"column":0},"end":{"line":14,"column":null}}},"fnMap":{},"branchMap":{},"s":{"0":3,"1":3,"2":3},"f":{},"b":{}}
,"C:\\Users\\mansh\\Desktop\\mern my code\\mernCourseLectureCode\\src\\models\\user_model.ts": {"path":"C:\\Users\\mansh\\Desktop\\mern my code\\mernCourseLectureCode\\src\\models\\user_model.ts","statementMap":{"0":{"start":{"line":1,"column":0},"end":{"line":1,"column":31}},"1":{"start":{"line":3,"column":19},"end":{"line":15,"column":2}},"2":{"start":{"line":17,"column":0},"end":{"line":17,"column":null}}},"fnMap":{},"branchMap":{},"s":{"0":3,"1":3,"2":3},"f":{},"b":{}}
,"C:\\Users\\mansh\\Desktop\\mern my code\\mernCourseLectureCode\\src\\routes\\auth_route.ts": {"path":"C:\\Users\\mansh\\Desktop\\mern my code\\mernCourseLectureCode\\src\\routes\\auth_route.ts","statementMap":{"0":{"start":{"line":3,"column":0},"end":{"line":3,"column":29}},"1":{"start":{"line":4,"column":15},"end":{"line":4,"column":31}},"2":{"start":{"line":5,"column":0},"end":{"line":5,"column":38}},"3":{"start":{"line":74,"column":0},"end":{"line":74,"column":null}},"4":{"start":{"line":106,"column":0},"end":{"line":106,"column":null}},"5":{"start":{"line":134,"column":0},"end":{"line":134,"column":null}},"6":{"start":{"line":150,"column":0},"end":{"line":150,"column":null}},"7":{"start":{"line":152,"column":0},"end":{"line":152,"column":null}}},"fnMap":{},"branchMap":{},"s":{"0":3,"1":3,"2":3,"3":3,"4":3,"5":3,"6":3,"7":3},"f":{},"b":{}}
,"C:\\Users\\mansh\\Desktop\\mern my code\\mernCourseLectureCode\\src\\routes\\post_route.ts": {"path":"C:\\Users\\mansh\\Desktop\\mern my code\\mernCourseLectureCode\\src\\routes\\post_route.ts","statementMap":{"0":{"start":{"line":8,"column":0},"end":{"line":8,"column":30}},"1":{"start":{"line":9,"column":15},"end":{"line":9,"column":31}},"2":{"start":{"line":10,"column":0},"end":{"line":10,"column":39}},"3":{"start":{"line":11,"column":0},"end":{"line":11,"column":39}},"4":{"start":{"line":12,"column":0},"end":{"line":12,"column":32}},"5":{"start":{"line":62,"column":0},"end":{"line":77,"column":3}},"6":{"start":{"line":62,"column":64},"end":{"line":77,"column":2}},"7":{"start":{"line":63,"column":4},"end":{"line":76,"column":null}},"8":{"start":{"line":64,"column":30},"end":{"line":64,"column":78}},"9":{"start":{"line":65,"column":8},"end":{"line":67,"column":null}},"10":{"start":{"line":66,"column":12},"end":{"line":66,"column":43}},"11":{"start":{"line":68,"column":8},"end":{"line":73,"column":null}},"12":{"start":{"line":69,"column":12},"end":{"line":72,"column":15}},"13":{"start":{"line":75,"column":8},"end":{"line":75,"column":null}},"14":{"start":{"line":103,"column":0},"end":{"line":118,"column":3}},"15":{"start":{"line":103,"column":67},"end":{"line":118,"column":2}},"16":{"start":{"line":104,"column":4},"end":{"line":117,"column":null}},"17":{"start":{"line":105,"column":30},"end":{"line":105,"column":78}},"18":{"start":{"line":106,"column":8},"end":{"line":108,"column":null}},"19":{"start":{"line":107,"column":12},"end":{"line":107,"column":43}},"20":{"start":{"line":109,"column":8},"end":{"line":114,"column":null}},"21":{"start":{"line":110,"column":12},"end":{"line":113,"column":15}},"22":{"start":{"line":116,"column":8},"end":{"line":116,"column":null}},"23":{"start":{"line":143,"column":0},"end":{"line":153,"column":3}},"24":{"start":{"line":143,"column":65},"end":{"line":153,"column":2}},"25":{"start":{"line":144,"column":4},"end":{"line":152,"column":null}},"26":{"start":{"line":145,"column":30},"end":{"line":145,"column":77}},"27":{"start":{"line":146,"column":8},"end":{"line":146,"column":39}},"28":{"start":{"line":148,"column":8},"end":{"line":151,"column":11}},"29":{"start":{"line":187,"column":0},"end":{"line":202,"column":3}},"30":{"start":{"line":187,"column":67},"end":{"line":202,"column":2}},"31":{"start":{"line":188,"column":4},"end":{"line":201,"column":null}},"32":{"start":{"line":189,"column":30},"end":{"line":189,"column":78}},"33":{"start":{"line":190,"column":8},"end":{"line":192,"column":null}},"34":{"start":{"line":191,"column":12},"end":{"line":191,"column":43}},"35":{"start":{"line":193,"column":8},"end":{"line":198,"column":null}},"36":{"start":{"line":194,"column":12},"end":{"line":197,"column":15}},"37":{"start":{"line":200,"column":8},"end":{"line":200,"column":null}},"38":{"start":{"line":204,"column":0},"end":{"line":204,"column":null}}},"fnMap":{"0":{"name":"(anonymous_8)","decl":{"start":{"line":62,"column":45},"end":{"line":62,"column":52}},"loc":{"start":{"line":62,"column":64},"end":{"line":77,"column":2}}},"1":{"name":"(anonymous_9)","decl":{"start":{"line":62,"column":64},"end":{"line":62,"column":null}},"loc":{"start":{"line":62,"column":64},"end":{"line":77,"column":1}}},"2":{"name":"(anonymous_10)","decl":{"start":{"line":103,"column":48},"end":{"line":103,"column":55}},"loc":{"start":{"line":103,"column":67},"end":{"line":118,"column":2}}},"3":{"name":"(anonymous_11)","decl":{"start":{"line":103,"column":67},"end":{"line":103,"column":null}},"loc":{"start":{"line":103,"column":67},"end":{"line":118,"column":1}}},"4":{"name":"(anonymous_12)","decl":{"start":{"line":143,"column":46},"end":{"line":143,"column":53}},"loc":{"start":{"line":143,"column":65},"end":{"line":153,"column":2}}},"5":{"name":"(anonymous_13)","decl":{"start":{"line":143,"column":65},"end":{"line":143,"column":null}},"loc":{"start":{"line":143,"column":65},"end":{"line":153,"column":1}}},"6":{"name":"(anonymous_14)","decl":{"start":{"line":187,"column":48},"end":{"line":187,"column":55}},"loc":{"start":{"line":187,"column":67},"end":{"line":202,"column":2}}},"7":{"name":"(anonymous_15)","decl":{"start":{"line":187,"column":67},"end":{"line":187,"column":null}},"loc":{"start":{"line":187,"column":67},"end":{"line":202,"column":1}}}},"branchMap":{"0":{"loc":{"start":{"line":65,"column":8},"end":{"line":67,"column":null}},"type":"if","locations":[{"start":{"line":65,"column":8},"end":{"line":67,"column":null}}]},"1":{"loc":{"start":{"line":68,"column":8},"end":{"line":73,"column":null}},"type":"if","locations":[{"start":{"line":68,"column":8},"end":{"line":73,"column":null}}]},"2":{"loc":{"start":{"line":106,"column":8},"end":{"line":108,"column":null}},"type":"if","locations":[{"start":{"line":106,"column":8},"end":{"line":108,"column":null}}]},"3":{"loc":{"start":{"line":109,"column":8},"end":{"line":114,"column":null}},"type":"if","locations":[{"start":{"line":109,"column":8},"end":{"line":114,"column":null}}]},"4":{"loc":{"start":{"line":190,"column":8},"end":{"line":192,"column":null}},"type":"if","locations":[{"start":{"line":190,"column":8},"end":{"line":192,"column":null}}]},"5":{"loc":{"start":{"line":193,"column":8},"end":{"line":198,"column":null}},"type":"if","locations":[{"start":{"line":193,"column":8},"end":{"line":198,"column":null}}]}},"s":{"0":3,"1":3,"2":3,"3":3,"4":3,"5":3,"6":5,"7":5,"8":5,"9":5,"10":5,"11":5,"12":0,"13":5,"14":3,"15":3,"16":3,"17":3,"18":3,"19":2,"20":3,"21":1,"22":2,"23":3,"24":1,"25":1,"26":1,"27":1,"28":0,"29":3,"30":3,"31":3,"32":3,"33":3,"34":2,"35":3,"36":1,"37":2,"38":3},"f":{"0":5,"1":5,"2":3,"3":3,"4":1,"5":1,"6":3,"7":3},"b":{"0":[5],"1":[0],"2":[2],"3":[1],"4":[2],"5":[1]}}
,"C:\\Users\\mansh\\Desktop\\mern my code\\mernCourseLectureCode\\src\\socket\\chatHandler.ts": {"path":"C:\\Users\\mansh\\Desktop\\mern my code\\mernCourseLectureCode\\src\\socket\\chatHandler.ts","statementMap":{"0":{"start":{"line":4,"column":0},"end":{"line":16,"column":null}},"1":{"start":{"line":7,"column":24},"end":{"line":12,"column":5}},"2":{"start":{"line":8,"column":19},"end":{"line":8,"column":29}},"3":{"start":{"line":9,"column":24},"end":{"line":9,"column":39}},"4":{"start":{"line":10,"column":21},"end":{"line":10,"column":37}},"5":{"start":{"line":11,"column":8},"end":{"line":11,"column":87}},"6":{"start":{"line":14,"column":4},"end":{"line":14,"column":42}},"7":{"start":{"line":15,"column":4},"end":{"line":15,"column":48}}},"fnMap":{"0":{"name":"(anonymous_0)","decl":{"start":{"line":4,"column":9},"end":{"line":4,"column":10}},"loc":{"start":{"line":5,"column":76},"end":{"line":16,"column":1}}},"1":{"name":"(anonymous_1)","decl":{"start":{"line":7,"column":24},"end":{"line":7,"column":25}},"loc":{"start":{"line":7,"column":36},"end":{"line":12,"column":5}}}},"branchMap":{},"s":{"0":1,"1":2,"2":1,"3":1,"4":1,"5":1,"6":2,"7":2},"f":{"0":2,"1":1},"b":{}}
,"C:\\Users\\mansh\\Desktop\\mern my code\\mernCourseLectureCode\\src\\socket\\echoHandler.ts": {"path":"C:\\Users\\mansh\\Desktop\\mern my code\\mernCourseLectureCode\\src\\socket\\echoHandler.ts","statementMap":{"0":{"start":{"line":4,"column":0},"end":{"line":18,"column":null}},"1":{"start":{"line":7,"column":24},"end":{"line":10,"column":5}},"2":{"start":{"line":8,"column":8},"end":{"line":8,"column":55}},"3":{"start":{"line":9,"column":8},"end":{"line":9,"column":46}},"4":{"start":{"line":12,"column":24},"end":{"line":14,"column":5}},"5":{"start":{"line":15,"column":4},"end":{"line":15,"column":42}},"6":{"start":{"line":16,"column":4},"end":{"line":16,"column":40}},"7":{"start":{"line":17,"column":4},"end":{"line":17,"column":40}}},"fnMap":{"0":{"name":"(anonymous_0)","decl":{"start":{"line":4,"column":9},"end":{"line":4,"column":10}},"loc":{"start":{"line":5,"column":76},"end":{"line":18,"column":1}}},"1":{"name":"(anonymous_1)","decl":{"start":{"line":7,"column":24},"end":{"line":7,"column":25}},"loc":{"start":{"line":7,"column":36},"end":{"line":10,"column":5}}},"2":{"name":"(anonymous_2)","decl":{"start":{"line":12,"column":24},"end":{"line":12,"column":25}},"loc":{"start":{"line":12,"column":36},"end":{"line":14,"column":5}}}},"branchMap":{},"s":{"0":1,"1":2,"2":1,"3":1,"4":2,"5":2,"6":2,"7":2},"f":{"0":2,"1":1,"2":0},"b":{}}
,"C:\\Users\\mansh\\Desktop\\mern my code\\mernCourseLectureCode\\src\\socket\\postHandler.ts": {"path":"C:\\Users\\mansh\\Desktop\\mern my code\\mernCourseLectureCode\\src\\socket\\postHandler.ts","statementMap":{"0":{"start":{"line":3,"column":0},"end":{"line":3,"column":49}},"1":{"start":{"line":4,"column":0},"end":{"line":4,"column":32}},"2":{"start":{"line":8,"column":0},"end":{"line":67,"column":null}},"3":{"start":{"line":11,"column":24},"end":{"line":18,"column":null}},"4":{"start":{"line":11,"column":42},"end":{"line":18,"column":null}},"5":{"start":{"line":12,"column":8},"end":{"line":17,"column":null}},"6":{"start":{"line":13,"column":33},"end":{"line":13,"column":116}},"7":{"start":{"line":14,"column":12},"end":{"line":14,"column":60}},"8":{"start":{"line":16,"column":12},"end":{"line":16,"column":67}},"9":{"start":{"line":20,"column":29},"end":{"line":28,"column":null}},"10":{"start":{"line":20,"column":47},"end":{"line":28,"column":null}},"11":{"start":{"line":21,"column":8},"end":{"line":21,"column":null}},"12":{"start":{"line":22,"column":8},"end":{"line":27,"column":null}},"13":{"start":{"line":23,"column":33},"end":{"line":23,"column":126}},"14":{"start":{"line":24,"column":12},"end":{"line":24,"column":67}},"15":{"start":{"line":26,"column":12},"end":{"line":26,"column":74}},"16":{"start":{"line":30,"column":24},"end":{"line":38,"column":null}},"17":{"start":{"line":30,"column":42},"end":{"line":38,"column":null}},"18":{"start":{"line":31,"column":8},"end":{"line":31,"column":60}},"19":{"start":{"line":32,"column":8},"end":{"line":37,"column":null}},"20":{"start":{"line":33,"column":33},"end":{"line":33,"column":121}},"21":{"start":{"line":34,"column":12},"end":{"line":34,"column":63}},"22":{"start":{"line":36,"column":12},"end":{"line":36,"column":70}},"23":{"start":{"line":40,"column":24},"end":{"line":48,"column":null}},"24":{"start":{"line":40,"column":42},"end":{"line":48,"column":null}},"25":{"start":{"line":41,"column":8},"end":{"line":41,"column":63}},"26":{"start":{"line":42,"column":8},"end":{"line":47,"column":null}},"27":{"start":{"line":43,"column":33},"end":{"line":43,"column":114}},"28":{"start":{"line":44,"column":12},"end":{"line":44,"column":60}},"29":{"start":{"line":46,"column":12},"end":{"line":46,"column":67}},"30":{"start":{"line":50,"column":23},"end":{"line":59,"column":null}},"31":{"start":{"line":50,"column":41},"end":{"line":59,"column":null}},"32":{"start":{"line":51,"column":8},"end":{"line":51,"column":67}},"33":{"start":{"line":52,"column":8},"end":{"line":57,"column":null}},"34":{"start":{"line":53,"column":33},"end":{"line":53,"column":106}},"35":{"start":{"line":54,"column":12},"end":{"line":54,"column":60}},"36":{"start":{"line":56,"column":12},"end":{"line":56,"column":67}},"37":{"start":{"line":61,"column":4},"end":{"line":61,"column":42}},"38":{"start":{"line":62,"column":4},"end":{"line":62,"column":39}},"39":{"start":{"line":63,"column":4},"end":{"line":63,"column":51}},"40":{"start":{"line":64,"column":4},"end":{"line":64,"column":42}},"41":{"start":{"line":65,"column":4},"end":{"line":65,"column":42}},"42":{"start":{"line":66,"column":4},"end":{"line":66,"column":39}}},"fnMap":{"0":{"name":"(anonymous_8)","decl":{"start":{"line":8,"column":9},"end":{"line":8,"column":10}},"loc":{"start":{"line":9,"column":76},"end":{"line":67,"column":1}}},"1":{"name":"(anonymous_9)","decl":{"start":{"line":11,"column":24},"end":{"line":11,"column":31}},"loc":{"start":{"line":11,"column":42},"end":{"line":18,"column":null}}},"2":{"name":"(anonymous_10)","decl":{"start":{"line":11,"column":42},"end":{"line":11,"column":null}},"loc":{"start":{"line":11,"column":42},"end":{"line":18,"column":5}}},"3":{"name":"(anonymous_11)","decl":{"start":{"line":20,"column":29},"end":{"line":20,"column":36}},"loc":{"start":{"line":20,"column":47},"end":{"line":28,"column":null}}},"4":{"name":"(anonymous_12)","decl":{"start":{"line":20,"column":47},"end":{"line":20,"column":null}},"loc":{"start":{"line":20,"column":47},"end":{"line":28,"column":5}}},"5":{"name":"(anonymous_13)","decl":{"start":{"line":30,"column":24},"end":{"line":30,"column":31}},"loc":{"start":{"line":30,"column":42},"end":{"line":38,"column":null}}},"6":{"name":"(anonymous_14)","decl":{"start":{"line":30,"column":42},"end":{"line":30,"column":null}},"loc":{"start":{"line":30,"column":42},"end":{"line":38,"column":5}}},"7":{"name":"(anonymous_15)","decl":{"start":{"line":40,"column":24},"end":{"line":40,"column":31}},"loc":{"start":{"line":40,"column":42},"end":{"line":48,"column":null}}},"8":{"name":"(anonymous_16)","decl":{"start":{"line":40,"column":42},"end":{"line":40,"column":null}},"loc":{"start":{"line":40,"column":42},"end":{"line":48,"column":5}}},"9":{"name":"(anonymous_17)","decl":{"start":{"line":50,"column":23},"end":{"line":50,"column":30}},"loc":{"start":{"line":50,"column":41},"end":{"line":59,"column":null}}},"10":{"name":"(anonymous_18)","decl":{"start":{"line":50,"column":41},"end":{"line":50,"column":null}},"loc":{"start":{"line":50,"column":41},"end":{"line":59,"column":5}}}},"branchMap":{},"s":{"0":1,"1":1,"2":1,"3":2,"4":1,"5":1,"6":1,"7":1,"8":0,"9":2,"10":1,"11":1,"12":1,"13":1,"14":1,"15":0,"16":2,"17":2,"18":2,"19":2,"20":2,"21":2,"22":0,"23":2,"24":2,"25":2,"26":2,"27":2,"28":2,"29":0,"30":2,"31":2,"32":2,"33":2,"34":2,"35":2,"36":0,"37":2,"38":2,"39":2,"40":2,"41":2,"42":2},"f":{"0":2,"1":1,"2":1,"3":1,"4":1,"5":2,"6":2,"7":2,"8":2,"9":2,"10":2},"b":{}}
}
