TN:
SF:dist\src\app.js
FN:2,(anonymous_0)
FN:9,(anonymous_1)
FNF:2
FNH:2
FNDA:2,(anonymous_0)
FNDA:1,(anonymous_1)
DA:2,1
DA:3,2
DA:5,1
DA:6,1
DA:7,1
DA:8,1
DA:9,1
DA:10,1
DA:12,1
LF:9
LH:9
BRDA:2,0,0,1
BRDA:2,0,1,1
BRDA:2,0,2,1
BRDA:3,1,0,0
BRDA:3,1,1,2
BRDA:3,2,0,2
BRDA:3,2,1,2
BRF:7
BRH:6
end_of_record
TN:
SF:dist\src\server.js
FN:2,(anonymous_0)
FN:22,(anonymous_1)
FN:23,(anonymous_2)
FNF:3
FNH:2
FNDA:27,(anonymous_0)
FNDA:0,(anonymous_1)
FNDA:3,(anonymous_2)
DA:2,3
DA:3,27
DA:5,3
DA:6,3
DA:7,3
DA:10,0
DA:12,3
DA:13,3
DA:14,3
DA:15,3
DA:16,3
DA:17,3
DA:18,3
DA:19,3
DA:20,3
DA:21,3
DA:22,3
DA:23,3
DA:24,3
DA:25,3
DA:26,3
DA:27,3
DA:28,3
DA:29,3
DA:30,3
DA:31,3
DA:32,0
DA:44,0
DA:45,0
DA:47,3
LF:30
LH:26
BRDA:2,0,0,3
BRDA:2,0,1,3
BRDA:2,0,2,3
BRDA:3,1,0,0
BRDA:3,1,1,27
BRDA:3,2,0,27
BRDA:3,2,1,27
BRDA:6,3,0,3
BRDA:6,3,1,0
BRDA:31,4,0,0
BRDA:31,4,1,3
BRF:11
BRH:8
end_of_record
TN:
SF:dist\src\socket_server.js
FN:2,(anonymous_0)
FN:3,adopt
FN:3,(anonymous_2)
FN:4,(anonymous_3)
FN:5,fulfilled
FN:6,rejected
FN:7,step
FN:11,(anonymous_7)
FN:19,(anonymous_8)
FN:21,(anonymous_9)
FN:21,(anonymous_10)
FN:26,(anonymous_11)
FN:36,(anonymous_12)
FN:36,(anonymous_13)
FNF:14
FNH:13
FNDA:4,(anonymous_0)
FNDA:2,adopt
FNDA:2,(anonymous_2)
FNDA:4,(anonymous_3)
FNDA:2,fulfilled
FNDA:0,rejected
FNDA:6,step
FNDA:4,(anonymous_7)
FNDA:1,(anonymous_8)
FNDA:2,(anonymous_9)
FNDA:2,(anonymous_10)
FNDA:2,(anonymous_11)
FNDA:2,(anonymous_12)
FNDA:2,(anonymous_13)
DA:2,1
DA:3,2
DA:4,4
DA:5,2
DA:6,0
DA:7,6
DA:8,4
DA:11,1
DA:12,4
DA:14,1
DA:15,1
DA:16,1
DA:17,1
DA:18,1
DA:19,1
DA:20,1
DA:21,2
DA:22,2
DA:23,2
DA:24,0
DA:25,2
DA:26,2
DA:27,2
DA:28,0
DA:31,2
DA:32,2
DA:36,2
DA:37,2
DA:38,2
DA:39,2
DA:40,2
DA:41,2
DA:42,2
DA:44,1
LF:34
LH:31
BRDA:2,0,0,1
BRDA:2,0,1,1
BRDA:2,0,2,1
BRDA:3,1,0,0
BRDA:3,1,1,2
BRDA:4,2,0,4
BRDA:4,2,1,4
BRDA:7,3,0,4
BRDA:7,3,1,2
BRDA:8,4,0,4
BRDA:8,4,1,4
BRDA:11,5,0,1
BRDA:11,5,1,1
BRDA:11,5,2,1
BRDA:12,6,0,0
BRDA:12,6,1,4
BRDA:12,7,0,4
BRDA:12,7,1,4
BRDA:23,8,0,0
BRDA:23,8,1,2
BRDA:27,9,0,0
BRDA:27,9,1,2
BRF:22
BRH:18
end_of_record
TN:
SF:dist\src\common\Err.js
FN:3,(anonymous_0)
FNF:1
FNH:1
FNDA:8,(anonymous_0)
DA:4,8
DA:5,8
DA:6,8
DA:7,8
DA:10,3
LF:5
LH:5
BRF:0
BRH:0
end_of_record
TN:
SF:dist\src\common\Req.js
FN:3,(anonymous_0)
FN:14,(anonymous_1)
FNF:2
FNH:2
FNDA:20,(anonymous_0)
FNDA:12,(anonymous_1)
DA:4,20
DA:5,20
DA:6,20
DA:7,20
DA:8,20
DA:9,20
DA:10,20
DA:11,20
DA:15,12
DA:18,3
LF:10
LH:10
BRDA:3,0,0,2
BRDA:3,1,0,6
BRF:2
BRH:2
end_of_record
TN:
SF:dist\src\common\Res.js
FN:3,(anonymous_0)
FN:11,(anonymous_1)
FNF:2
FNH:2
FNDA:20,(anonymous_0)
FNDA:10,(anonymous_1)
DA:4,20
DA:5,20
DA:6,20
DA:7,20
DA:8,20
DA:9,20
DA:12,10
DA:13,10
DA:19,0
DA:26,3
LF:10
LH:9
BRDA:12,0,0,10
BRDA:12,0,1,0
BRF:2
BRH:1
end_of_record
TN:
SF:dist\src\controllers\auth.js
FN:2,(anonymous_0)
FN:3,adopt
FN:3,(anonymous_2)
FN:4,(anonymous_3)
FN:5,fulfilled
FN:6,rejected
FN:7,step
FN:11,(anonymous_7)
FN:17,sendError
FN:22,(anonymous_9)
FN:22,(anonymous_10)
FN:49,generateTokens
FN:50,(anonymous_12)
FN:56,(anonymous_13)
FN:56,(anonymous_14)
FN:82,getTokenFromRequest
FN:88,(anonymous_16)
FN:88,(anonymous_17)
FN:113,(anonymous_18)
FN:113,(anonymous_19)
FN:135,(anonymous_20)
FN:135,(anonymous_21)
FNF:22
FNH:21
FNDA:40,(anonymous_0)
FNDA:79,adopt
FNDA:36,(anonymous_2)
FNDA:40,(anonymous_3)
FNDA:79,fulfilled
FNDA:0,rejected
FNDA:119,step
FNDA:9,(anonymous_7)
FNDA:3,sendError
FNDA:4,(anonymous_9)
FNDA:4,(anonymous_10)
FNDA:10,generateTokens
FNDA:10,(anonymous_12)
FNDA:10,(anonymous_13)
FNDA:10,(anonymous_14)
FNDA:16,getTokenFromRequest
FNDA:1,(anonymous_16)
FNDA:1,(anonymous_17)
FNDA:1,(anonymous_18)
FNDA:1,(anonymous_19)
FNDA:14,(anonymous_20)
FNDA:14,(anonymous_21)
DA:2,3
DA:3,79
DA:4,40
DA:5,79
DA:6,0
DA:7,119
DA:8,40
DA:11,3
DA:12,9
DA:14,3
DA:15,3
DA:16,3
DA:18,3
DA:22,4
DA:23,4
DA:24,4
DA:25,4
DA:26,0
DA:28,4
DA:29,4
DA:30,4
DA:31,0
DA:33,4
DA:34,4
DA:35,4
DA:39,4
DA:40,4
DA:46,0
DA:50,10
DA:51,10
DA:52,10
DA:53,10
DA:56,10
DA:57,10
DA:58,10
DA:59,10
DA:60,0
DA:62,10
DA:63,10
DA:64,10
DA:65,0
DA:66,10
DA:67,10
DA:68,1
DA:69,9
DA:70,9
DA:71,0
DA:73,9
DA:74,9
DA:75,9
DA:78,0
DA:79,0
DA:83,16
DA:84,16
DA:85,1
DA:86,15
DA:88,3
DA:89,1
DA:90,1
DA:91,0
DA:92,1
DA:93,1
DA:94,1
DA:95,1
DA:96,0
DA:97,1
DA:98,0
DA:99,0
DA:100,0
DA:102,1
DA:103,1
DA:104,1
DA:105,1
DA:106,1
DA:107,1
DA:110,0
DA:113,3
DA:114,1
DA:115,1
DA:116,0
DA:117,1
DA:118,1
DA:119,1
DA:120,1
DA:121,0
DA:122,1
DA:123,0
DA:124,0
DA:125,0
DA:127,1
DA:128,1
DA:129,1
DA:132,0
DA:135,14
DA:136,14
DA:137,14
DA:138,1
DA:139,13
DA:140,13
DA:141,12
DA:142,12
DA:143,12
DA:144,12
DA:147,1
DA:150,3
LF:105
LH:84
BRDA:2,0,0,3
BRDA:2,0,1,3
BRDA:2,0,2,3
BRDA:3,1,0,43
BRDA:3,1,1,36
BRDA:4,2,0,40
BRDA:4,2,1,40
BRDA:7,3,0,40
BRDA:7,3,1,79
BRDA:8,4,0,40
BRDA:8,4,1,40
BRDA:11,5,0,3
BRDA:11,5,1,3
BRDA:11,5,2,3
BRDA:12,6,0,0
BRDA:12,6,1,9
BRDA:12,7,0,9
BRDA:12,7,1,9
BRDA:25,8,0,0
BRDA:25,8,1,4
BRDA:25,9,0,4
BRDA:25,9,1,4
BRDA:30,10,0,0
BRDA:30,10,1,4
BRDA:59,11,0,0
BRDA:59,11,1,10
BRDA:59,12,0,10
BRDA:59,12,1,10
BRDA:64,13,0,0
BRDA:64,13,1,10
BRDA:67,14,0,1
BRDA:67,14,1,9
BRDA:70,15,0,0
BRDA:70,15,1,9
BRDA:84,16,0,1
BRDA:84,16,1,15
BRDA:90,17,0,0
BRDA:90,17,1,1
BRDA:95,18,0,0
BRDA:95,18,1,1
BRDA:97,19,0,0
BRDA:97,19,1,1
BRDA:115,20,0,0
BRDA:115,20,1,1
BRDA:120,21,0,0
BRDA:120,21,1,1
BRDA:122,22,0,0
BRDA:122,22,1,1
BRDA:137,23,0,1
BRDA:137,23,1,13
BRF:50
BRH:38
end_of_record
TN:
SF:dist\src\controllers\post.js
FN:2,(anonymous_0)
FN:3,adopt
FN:3,(anonymous_2)
FN:4,(anonymous_3)
FN:5,fulfilled
FN:6,rejected
FN:7,step
FN:11,(anonymous_7)
FN:17,(anonymous_8)
FN:17,(anonymous_9)
FN:32,(anonymous_10)
FN:32,(anonymous_11)
FN:45,(anonymous_12)
FN:45,(anonymous_13)
FN:71,(anonymous_14)
FN:71,(anonymous_15)
FNF:16
FNH:16
FNDA:20,(anonymous_0)
FNDA:20,adopt
FNDA:17,(anonymous_2)
FNDA:20,(anonymous_3)
FNDA:16,fulfilled
FNDA:4,rejected
FNDA:40,step
FNDA:9,(anonymous_7)
FNDA:7,(anonymous_8)
FNDA:7,(anonymous_9)
FNDA:5,(anonymous_10)
FNDA:5,(anonymous_11)
FNDA:3,(anonymous_12)
FNDA:3,(anonymous_13)
FNDA:5,(anonymous_14)
FNDA:5,(anonymous_15)
DA:2,3
DA:3,20
DA:4,20
DA:5,16
DA:6,4
DA:7,40
DA:8,20
DA:11,3
DA:12,9
DA:14,3
DA:15,3
DA:16,3
DA:17,7
DA:18,7
DA:19,7
DA:20,7
DA:21,5
DA:24,2
DA:26,7
DA:29,0
DA:32,5
DA:33,5
DA:34,5
DA:35,2
DA:37,5
DA:38,5
DA:39,3
DA:42,2
DA:45,3
DA:46,3
DA:47,3
DA:51,3
DA:52,2
DA:53,2
DA:54,2
DA:55,2
DA:56,2
DA:57,2
DA:60,0
DA:63,1
DA:64,1
DA:65,1
DA:68,0
DA:71,5
DA:72,5
DA:73,5
DA:74,5
DA:75,5
DA:76,2
DA:78,5
DA:79,3
DA:82,2
DA:83,2
DA:86,3
LF:54
LH:51
BRDA:2,0,0,3
BRDA:2,0,1,3
BRDA:2,0,2,3
BRDA:3,1,0,3
BRDA:3,1,1,17
BRDA:4,2,0,20
BRDA:4,2,1,20
BRDA:7,3,0,20
BRDA:7,3,1,20
BRDA:8,4,0,20
BRDA:8,4,1,20
BRDA:11,5,0,3
BRDA:11,5,1,3
BRDA:11,5,2,3
BRDA:12,6,0,0
BRDA:12,6,1,9
BRDA:12,7,0,9
BRDA:12,7,1,9
BRDA:20,8,0,5
BRDA:20,8,1,2
BRDA:34,9,0,2
BRDA:34,9,1,3
BRDA:34,10,0,5
BRDA:34,10,1,3
BRDA:51,11,0,2
BRDA:51,11,1,1
BRDA:51,12,0,3
BRDA:51,12,1,1
BRDA:75,13,0,2
BRDA:75,13,1,3
BRDA:75,14,0,5
BRDA:75,14,1,3
BRF:32
BRH:31
end_of_record
TN:
SF:dist\src\models\message_model.js
FN:2,(anonymous_0)
FNF:1
FNH:1
FNDA:1,(anonymous_0)
DA:2,1
DA:3,1
DA:5,1
DA:6,1
DA:20,1
LF:5
LH:5
BRDA:2,0,0,1
BRDA:2,0,1,1
BRDA:2,0,2,1
BRDA:3,1,0,0
BRDA:3,1,1,1
BRDA:3,2,0,1
BRDA:3,2,1,1
BRF:7
BRH:6
end_of_record
TN:
SF:dist\src\models\post_model.js
FN:2,(anonymous_0)
FNF:1
FNH:1
FNDA:3,(anonymous_0)
DA:2,3
DA:3,3
DA:5,3
DA:6,3
DA:16,3
LF:5
LH:5
BRDA:2,0,0,3
BRDA:2,0,1,3
BRDA:2,0,2,3
BRDA:3,1,0,0
BRDA:3,1,1,3
BRDA:3,2,0,3
BRDA:3,2,1,3
BRF:7
BRH:6
end_of_record
TN:
SF:dist\src\models\user_model.js
FN:2,(anonymous_0)
FNF:1
FNH:1
FNDA:3,(anonymous_0)
DA:2,3
DA:3,3
DA:5,3
DA:6,3
DA:19,3
LF:5
LH:5
BRDA:2,0,0,3
BRDA:2,0,1,3
BRDA:2,0,2,3
BRDA:3,1,0,0
BRDA:3,1,1,3
BRDA:3,2,0,3
BRDA:3,2,1,3
BRF:7
BRH:6
end_of_record
TN:
SF:dist\src\routes\auth_route.js
FN:2,(anonymous_0)
FNF:1
FNH:1
FNDA:6,(anonymous_0)
DA:2,3
DA:3,6
DA:5,3
DA:6,3
DA:7,3
DA:72,3
DA:102,3
DA:128,3
DA:142,3
DA:143,3
LF:10
LH:10
BRDA:2,0,0,3
BRDA:2,0,1,3
BRDA:2,0,2,3
BRDA:3,1,0,0
BRDA:3,1,1,6
BRDA:3,2,0,6
BRDA:3,2,1,6
BRF:7
BRH:6
end_of_record
TN:
SF:dist\src\routes\post_route.js
FN:8,(anonymous_0)
FN:9,adopt
FN:9,(anonymous_2)
FN:10,(anonymous_3)
FN:11,fulfilled
FN:12,rejected
FN:13,step
FN:17,(anonymous_7)
FN:70,(anonymous_8)
FN:70,(anonymous_9)
FN:111,(anonymous_10)
FN:111,(anonymous_11)
FN:151,(anonymous_12)
FN:151,(anonymous_13)
FN:193,(anonymous_14)
FN:193,(anonymous_15)
FNF:16
FNH:14
FNDA:12,(anonymous_0)
FNDA:12,adopt
FNDA:0,(anonymous_2)
FNDA:12,(anonymous_3)
FNDA:12,fulfilled
FNDA:0,rejected
FNDA:24,step
FNDA:12,(anonymous_7)
FNDA:5,(anonymous_8)
FNDA:5,(anonymous_9)
FNDA:3,(anonymous_10)
FNDA:3,(anonymous_11)
FNDA:1,(anonymous_12)
FNDA:1,(anonymous_13)
FNDA:3,(anonymous_14)
FNDA:3,(anonymous_15)
DA:8,3
DA:9,12
DA:10,12
DA:11,12
DA:12,0
DA:13,24
DA:14,12
DA:17,3
DA:18,12
DA:20,3
DA:21,3
DA:22,3
DA:23,3
DA:24,3
DA:70,5
DA:71,5
DA:72,5
DA:73,5
DA:74,5
DA:76,5
DA:77,0
DA:84,5
DA:111,3
DA:112,3
DA:113,3
DA:114,3
DA:115,2
DA:117,3
DA:118,1
DA:125,2
DA:151,3
DA:152,1
DA:153,1
DA:154,1
DA:157,0
DA:193,3
DA:194,3
DA:195,3
DA:196,3
DA:197,2
DA:199,3
DA:200,1
DA:207,2
DA:210,3
LF:44
LH:41
BRDA:8,0,0,3
BRDA:8,0,1,3
BRDA:8,0,2,3
BRDA:9,1,0,12
BRDA:9,1,1,0
BRDA:10,2,0,12
BRDA:10,2,1,12
BRDA:13,3,0,12
BRDA:13,3,1,12
BRDA:14,4,0,12
BRDA:14,4,1,12
BRDA:17,5,0,3
BRDA:17,5,1,3
BRDA:17,5,2,3
BRDA:18,6,0,0
BRDA:18,6,1,12
BRDA:18,7,0,12
BRDA:18,7,1,12
BRDA:73,8,0,5
BRDA:73,8,1,0
BRDA:76,9,0,0
BRDA:76,9,1,0
BRDA:114,10,0,2
BRDA:114,10,1,1
BRDA:117,11,0,1
BRDA:117,11,1,0
BRDA:196,12,0,2
BRDA:196,12,1,1
BRDA:199,13,0,1
BRDA:199,13,1,0
BRF:30
BRH:23
end_of_record
TN:
SF:dist\src\socket\chatHandler.js
FN:2,(anonymous_0)
FN:3,adopt
FN:3,(anonymous_2)
FN:4,(anonymous_3)
FN:5,fulfilled
FN:6,rejected
FN:7,step
FN:11,(anonymous_7)
FN:15,(anonymous_8)
FN:16,(anonymous_9)
FN:16,(anonymous_10)
FN:28,(anonymous_11)
FN:28,(anonymous_12)
FNF:13
FNH:12
FNDA:6,(anonymous_0)
FNDA:7,adopt
FNDA:2,(anonymous_2)
FNDA:6,(anonymous_3)
FNDA:7,fulfilled
FNDA:0,rejected
FNDA:13,step
FNDA:1,(anonymous_7)
FNDA:2,(anonymous_8)
FNDA:5,(anonymous_9)
FNDA:5,(anonymous_10)
FNDA:1,(anonymous_11)
FNDA:1,(anonymous_12)
DA:2,1
DA:3,7
DA:4,6
DA:5,7
DA:6,0
DA:7,13
DA:8,6
DA:11,1
DA:12,1
DA:14,1
DA:15,1
DA:16,5
DA:17,5
DA:18,5
DA:19,5
DA:20,5
DA:25,5
DA:26,5
DA:28,2
DA:29,1
DA:30,1
DA:31,1
DA:32,1
DA:34,2
DA:35,2
DA:36,2
LF:26
LH:25
BRDA:2,0,0,1
BRDA:2,0,1,1
BRDA:2,0,2,1
BRDA:3,1,0,5
BRDA:3,1,1,2
BRDA:4,2,0,6
BRDA:4,2,1,6
BRDA:7,3,0,6
BRDA:7,3,1,7
BRDA:8,4,0,6
BRDA:8,4,1,6
BRDA:11,5,0,1
BRDA:11,5,1,1
BRDA:11,5,2,1
BRDA:12,6,0,0
BRDA:12,6,1,1
BRDA:12,7,0,1
BRDA:12,7,1,1
BRF:18
BRH:17
end_of_record
TN:
SF:dist\src\socket\echoHandler.js
FN:2,(anonymous_0)
FN:3,(anonymous_1)
FN:7,(anonymous_2)
FNF:3
FNH:2
FNDA:2,(anonymous_0)
FNDA:1,(anonymous_1)
FNDA:0,(anonymous_2)
DA:2,1
DA:3,2
DA:4,1
DA:5,1
DA:7,2
DA:10,2
DA:11,2
DA:12,2
LF:8
LH:8
BRF:0
BRH:0
end_of_record
TN:
SF:dist\src\socket\postHandler.js
FN:2,(anonymous_0)
FN:3,adopt
FN:3,(anonymous_2)
FN:4,(anonymous_3)
FN:5,fulfilled
FN:6,rejected
FN:7,step
FN:11,(anonymous_7)
FN:16,(anonymous_8)
FN:17,(anonymous_9)
FN:17,(anonymous_10)
FN:26,(anonymous_11)
FN:26,(anonymous_12)
FN:36,(anonymous_13)
FN:36,(anonymous_14)
FN:46,(anonymous_15)
FN:46,(anonymous_16)
FN:56,(anonymous_17)
FN:56,(anonymous_18)
FNF:19
FNH:17
FNDA:8,(anonymous_0)
FNDA:8,adopt
FNDA:0,(anonymous_2)
FNDA:8,(anonymous_3)
FNDA:8,fulfilled
FNDA:0,rejected
FNDA:16,step
FNDA:2,(anonymous_7)
FNDA:2,(anonymous_8)
FNDA:1,(anonymous_9)
FNDA:1,(anonymous_10)
FNDA:1,(anonymous_11)
FNDA:1,(anonymous_12)
FNDA:2,(anonymous_13)
FNDA:2,(anonymous_14)
FNDA:2,(anonymous_15)
FNDA:2,(anonymous_16)
FNDA:2,(anonymous_17)
FNDA:2,(anonymous_18)
DA:2,1
DA:3,8
DA:4,8
DA:5,8
DA:6,0
DA:7,16
DA:8,8
DA:11,1
DA:12,2
DA:14,1
DA:15,1
DA:16,1
DA:17,2
DA:18,1
DA:19,1
DA:20,1
DA:23,0
DA:26,2
DA:27,1
DA:28,1
DA:29,1
DA:30,1
DA:33,0
DA:36,2
DA:37,2
DA:38,2
DA:39,2
DA:40,2
DA:43,0
DA:46,2
DA:47,2
DA:48,2
DA:49,2
DA:50,2
DA:53,0
DA:56,2
DA:57,2
DA:58,2
DA:59,2
DA:60,2
DA:63,0
DA:66,2
DA:67,2
DA:68,2
DA:69,2
DA:70,2
DA:71,2
LF:47
LH:41
BRDA:2,0,0,1
BRDA:2,0,1,1
BRDA:2,0,2,1
BRDA:3,1,0,8
BRDA:3,1,1,0
BRDA:4,2,0,8
BRDA:4,2,1,8
BRDA:7,3,0,8
BRDA:7,3,1,8
BRDA:8,4,0,8
BRDA:8,4,1,8
BRDA:11,5,0,1
BRDA:11,5,1,1
BRDA:11,5,2,1
BRDA:12,6,0,0
BRDA:12,6,1,2
BRDA:12,7,0,2
BRDA:12,7,1,2
BRF:18
BRH:16
end_of_record
TN:
SF:src\app.ts
FN:7,(anonymous_1)
FNF:1
FNH:1
FNDA:1,(anonymous_1)
DA:1,1
DA:2,1
DA:4,1
DA:6,1
DA:7,1
DA:8,1
DA:11,1
LF:7
LH:7
BRF:0
BRH:0
end_of_record
TN:
SF:src\server.ts
FN:20,(anonymous_1)
FN:21,(anonymous_2)
FNF:2
FNH:1
FNDA:0,(anonymous_1)
FNDA:3,(anonymous_2)
DA:1,3
DA:2,3
DA:3,3
DA:5,0
DA:8,3
DA:9,3
DA:10,3
DA:11,3
DA:13,3
DA:14,3
DA:15,3
DA:17,3
DA:18,3
DA:19,3
DA:20,3
DA:21,3
DA:23,3
DA:25,3
DA:26,3
DA:28,3
DA:29,3
DA:31,3
DA:32,3
DA:34,3
DA:35,0
DA:47,0
DA:48,0
DA:51,3
LF:28
LH:24
BRDA:2,0,0,3
BRDA:2,0,1,0
BRDA:34,1,0,0
BRF:3
BRH:1
end_of_record
TN:
SF:src\socket_server.ts
FN:8,(anonymous_8)
FN:11,(anonymous_9)
FN:11,(anonymous_10)
FN:15,(anonymous_11)
FN:25,(anonymous_12)
FN:25,(anonymous_13)
FNF:6
FNH:6
FNDA:1,(anonymous_8)
FNDA:2,(anonymous_9)
FNDA:2,(anonymous_10)
FNDA:2,(anonymous_11)
FNDA:2,(anonymous_12)
FNDA:2,(anonymous_13)
DA:1,1
DA:3,1
DA:4,1
DA:5,1
DA:6,1
DA:8,1
DA:9,1
DA:11,2
DA:12,2
DA:13,2
DA:14,2
DA:15,2
DA:16,2
DA:17,0
DA:19,2
DA:20,2
DA:25,2
DA:26,2
DA:27,2
DA:28,2
DA:29,2
DA:31,2
DA:32,2
DA:34,1
LF:24
LH:23
BRDA:13,0,0,0
BRDA:16,1,0,0
BRDA:16,1,1,2
BRF:3
BRH:1
end_of_record
TN:
SF:src\common\Err.ts
FN:4,(anonymous_0)
FNF:1
FNH:1
FNDA:8,(anonymous_0)
DA:2,8
DA:3,8
DA:5,8
DA:6,8
DA:9,3
LF:5
LH:5
BRF:0
BRH:0
end_of_record
TN:
SF:src\common\Req.ts
FN:6,(anonymous_0)
FN:13,(anonymous_1)
FNF:2
FNH:2
FNDA:20,(anonymous_0)
FNDA:12,(anonymous_1)
DA:2,20
DA:3,20
DA:4,20
DA:5,20
DA:7,20
DA:8,20
DA:9,20
DA:10,20
DA:14,12
DA:17,3
LF:10
LH:10
BRDA:6,0,0,2
BRDA:6,1,0,6
BRF:2
BRH:2
end_of_record
TN:
SF:src\common\Res.ts
FN:5,(anonymous_0)
FN:10,(anonymous_1)
FNF:2
FNH:2
FNDA:20,(anonymous_0)
FNDA:10,(anonymous_1)
DA:2,20
DA:3,20
DA:4,20
DA:6,20
DA:7,20
DA:8,20
DA:11,10
DA:12,10
DA:17,0
DA:24,3
LF:10
LH:9
BRDA:11,0,0,10
BRDA:11,0,1,0
BRF:2
BRH:1
end_of_record
TN:
SF:src\controllers\auth.ts
FN:7,sendError
FN:13,(anonymous_9)
FN:13,(anonymous_10)
FN:43,generateTokens
FN:57,(anonymous_13)
FN:57,(anonymous_14)
FN:84,getTokenFromRequest
FN:93,(anonymous_16)
FN:93,(anonymous_17)
FN:121,(anonymous_18)
FN:121,(anonymous_19)
FN:144,(anonymous_20)
FN:144,(anonymous_21)
FNF:13
FNH:13
FNDA:3,sendError
FNDA:4,(anonymous_9)
FNDA:4,(anonymous_10)
FNDA:10,generateTokens
FNDA:10,(anonymous_13)
FNDA:10,(anonymous_14)
FNDA:16,getTokenFromRequest
FNDA:1,(anonymous_16)
FNDA:1,(anonymous_17)
FNDA:1,(anonymous_18)
FNDA:1,(anonymous_19)
FNDA:14,(anonymous_20)
FNDA:14,(anonymous_21)
DA:2,3
DA:4,3
DA:5,3
DA:8,3
DA:13,4
DA:14,4
DA:15,4
DA:17,4
DA:18,0
DA:21,4
DA:22,4
DA:23,4
DA:24,0
DA:27,4
DA:28,4
DA:29,4
DA:33,4
DA:34,4
DA:39,0
DA:44,10
DA:49,10
DA:54,10
DA:57,10
DA:58,10
DA:59,10
DA:60,10
DA:61,0
DA:64,10
DA:65,10
DA:66,10
DA:68,10
DA:69,10
DA:71,9
DA:73,9
DA:74,9
DA:75,9
DA:77,9
DA:79,0
DA:80,0
DA:85,16
DA:86,16
DA:87,15
DA:93,3
DA:94,1
DA:95,1
DA:97,1
DA:98,1
DA:99,1
DA:100,1
DA:102,1
DA:103,0
DA:104,0
DA:105,0
DA:108,1
DA:110,1
DA:111,1
DA:112,1
DA:113,1
DA:115,1
DA:117,0
DA:121,3
DA:122,1
DA:123,1
DA:125,1
DA:126,1
DA:127,1
DA:128,1
DA:130,1
DA:131,0
DA:132,0
DA:133,0
DA:136,1
DA:137,1
DA:138,1
DA:140,0
DA:144,14
DA:145,14
DA:146,14
DA:147,13
DA:148,13
DA:149,12
DA:150,12
DA:151,12
DA:152,12
DA:154,1
DA:159,3
LF:86
LH:72
BRDA:17,0,0,0
BRDA:17,1,0,4
BRDA:17,1,1,4
BRDA:23,2,0,0
BRDA:60,3,0,0
BRDA:60,4,0,10
BRDA:60,4,1,10
BRDA:66,5,0,0
BRDA:69,6,0,1
BRDA:73,7,0,0
BRDA:73,7,1,9
BRDA:86,8,0,1
BRDA:95,9,0,0
BRDA:100,10,0,0
BRDA:102,11,0,0
BRDA:123,12,0,0
BRDA:128,13,0,0
BRDA:130,14,0,0
BRDA:146,15,0,1
BRF:19
BRH:8
end_of_record
TN:
SF:src\controllers\post.ts
FN:8,(anonymous_8)
FN:8,(anonymous_9)
FN:22,(anonymous_10)
FN:22,(anonymous_11)
FN:36,(anonymous_12)
FN:36,(anonymous_13)
FN:66,(anonymous_14)
FN:66,(anonymous_15)
FNF:8
FNH:8
FNDA:7,(anonymous_8)
FNDA:7,(anonymous_9)
FNDA:5,(anonymous_10)
FNDA:5,(anonymous_11)
FNDA:3,(anonymous_12)
FNDA:3,(anonymous_13)
FNDA:5,(anonymous_14)
FNDA:5,(anonymous_15)
DA:2,3
DA:4,3
DA:5,3
DA:8,7
DA:9,7
DA:10,7
DA:11,7
DA:12,5
DA:14,2
DA:16,7
DA:18,0
DA:22,5
DA:23,5
DA:24,5
DA:25,2
DA:27,5
DA:28,5
DA:29,3
DA:31,2
DA:36,3
DA:37,3
DA:39,3
DA:44,3
DA:45,2
DA:46,2
DA:47,2
DA:48,2
DA:49,2
DA:50,2
DA:52,0
DA:56,1
DA:57,1
DA:58,1
DA:60,0
DA:66,5
DA:67,5
DA:68,5
DA:69,5
DA:70,5
DA:71,2
DA:73,5
DA:74,3
DA:76,2
DA:77,2
DA:82,3
LF:45
LH:42
BRDA:11,0,0,5
BRDA:11,0,1,2
BRDA:24,1,0,2
BRDA:24,2,0,5
BRDA:24,2,1,3
BRDA:44,3,0,2
BRDA:44,4,0,3
BRDA:44,4,1,1
BRDA:70,5,0,2
BRDA:70,6,0,5
BRDA:70,6,1,3
BRF:11
BRH:11
end_of_record
TN:
SF:src\models\message_model.ts
FNF:0
FNH:0
DA:1,1
DA:3,1
DA:18,1
LF:3
LH:3
BRF:0
BRH:0
end_of_record
TN:
SF:src\models\post_model.ts
FNF:0
FNH:0
DA:1,3
DA:3,3
DA:14,3
LF:3
LH:3
BRF:0
BRH:0
end_of_record
TN:
SF:src\models\user_model.ts
FNF:0
FNH:0
DA:1,3
DA:3,3
DA:17,3
LF:3
LH:3
BRF:0
BRH:0
end_of_record
TN:
SF:src\routes\auth_route.ts
FNF:0
FNH:0
DA:3,3
DA:4,3
DA:5,3
DA:74,3
DA:106,3
DA:134,3
DA:150,3
DA:152,3
LF:8
LH:8
BRF:0
BRH:0
end_of_record
TN:
SF:src\routes\post_route.ts
FN:62,(anonymous_8)
FN:62,(anonymous_9)
FN:103,(anonymous_10)
FN:103,(anonymous_11)
FN:143,(anonymous_12)
FN:143,(anonymous_13)
FN:187,(anonymous_14)
FN:187,(anonymous_15)
FNF:8
FNH:8
FNDA:5,(anonymous_8)
FNDA:5,(anonymous_9)
FNDA:3,(anonymous_10)
FNDA:3,(anonymous_11)
FNDA:1,(anonymous_12)
FNDA:1,(anonymous_13)
FNDA:3,(anonymous_14)
FNDA:3,(anonymous_15)
DA:8,3
DA:9,3
DA:10,3
DA:11,3
DA:12,3
DA:62,5
DA:63,5
DA:64,5
DA:65,5
DA:66,5
DA:68,5
DA:69,0
DA:75,5
DA:103,3
DA:104,3
DA:105,3
DA:106,3
DA:107,2
DA:109,3
DA:110,1
DA:116,2
DA:143,3
DA:144,1
DA:145,1
DA:146,1
DA:148,0
DA:187,3
DA:188,3
DA:189,3
DA:190,3
DA:191,2
DA:193,3
DA:194,1
DA:200,2
DA:204,3
LF:35
LH:33
BRDA:65,0,0,5
BRDA:68,1,0,0
BRDA:106,2,0,2
BRDA:109,3,0,1
BRDA:190,4,0,2
BRDA:193,5,0,1
BRF:6
BRH:5
end_of_record
TN:
SF:src\socket\chatHandler.ts
FN:5,(anonymous_8)
FN:8,(anonymous_9)
FN:8,(anonymous_10)
FN:20,(anonymous_11)
FN:20,(anonymous_12)
FNF:5
FNH:5
FNDA:2,(anonymous_8)
FNDA:5,(anonymous_9)
FNDA:5,(anonymous_10)
FNDA:1,(anonymous_11)
FNDA:1,(anonymous_12)
DA:3,1
DA:5,1
DA:8,5
DA:9,5
DA:10,5
DA:11,5
DA:12,5
DA:17,5
DA:18,5
DA:20,2
DA:21,1
DA:22,1
DA:23,1
DA:24,1
DA:27,2
DA:28,2
DA:29,2
LF:17
LH:17
BRF:0
BRH:0
end_of_record
TN:
SF:src\socket\echoHandler.ts
FN:4,(anonymous_0)
FN:7,(anonymous_1)
FN:12,(anonymous_2)
FNF:3
FNH:2
FNDA:2,(anonymous_0)
FNDA:1,(anonymous_1)
FNDA:0,(anonymous_2)
DA:4,1
DA:7,2
DA:8,1
DA:9,1
DA:12,2
DA:15,2
DA:16,2
DA:17,2
LF:8
LH:8
BRF:0
BRH:0
end_of_record
TN:
SF:src\socket\postHandler.ts
FN:8,(anonymous_8)
FN:11,(anonymous_9)
FN:11,(anonymous_10)
FN:20,(anonymous_11)
FN:20,(anonymous_12)
FN:30,(anonymous_13)
FN:30,(anonymous_14)
FN:40,(anonymous_15)
FN:40,(anonymous_16)
FN:50,(anonymous_17)
FN:50,(anonymous_18)
FNF:11
FNH:11
FNDA:2,(anonymous_8)
FNDA:1,(anonymous_9)
FNDA:1,(anonymous_10)
FNDA:1,(anonymous_11)
FNDA:1,(anonymous_12)
FNDA:2,(anonymous_13)
FNDA:2,(anonymous_14)
FNDA:2,(anonymous_15)
FNDA:2,(anonymous_16)
FNDA:2,(anonymous_17)
FNDA:2,(anonymous_18)
DA:3,1
DA:4,1
DA:8,1
DA:11,2
DA:12,1
DA:13,1
DA:14,1
DA:16,0
DA:20,2
DA:21,1
DA:22,1
DA:23,1
DA:24,1
DA:26,0
DA:30,2
DA:31,2
DA:32,2
DA:33,2
DA:34,2
DA:36,0
DA:40,2
DA:41,2
DA:42,2
DA:43,2
DA:44,2
DA:46,0
DA:50,2
DA:51,2
DA:52,2
DA:53,2
DA:54,2
DA:56,0
DA:61,2
DA:62,2
DA:63,2
DA:64,2
DA:65,2
DA:66,2
LF:38
LH:33
BRF:0
BRH:0
end_of_record
